Using pre-set license
Built from '2020.3/china_unity/release' branch; Version is '2020.3.11f1c1 (77449f27ef9b) revision 7816351'; Using compiler version '192528614'; Build Type 'Release'
OS: 'Windows 10 Home China; OS build 19042.1348; Version 2009; 64bit' Language: 'zh' Physical Memory: 16150 MB
BatchMode: 1, IsHumanControllingUs: 0, StartBugReporterOnCrash: 0, Is64bit: 1, IsPro: 0

 COMMAND LINE ARGUMENTS:
C:\Program Files\Unity\Hub\Editor\2020.3.11f1c1\Editor\Unity.exe
-adb2
-batchMode
-noUpm
-name
AssetImportWorker0
-projectPath
C:/ME/Unity/Thief
-logFile
Logs/AssetImportWorker0.log
-srvPort
53973
Successfully changed project path to: C:/ME/Unity/Thief
C:/ME/Unity/Thief
Using Asset Import Pipeline V2.
Refreshing native plugins compatible for Editor in 29.37 ms, found 2 plugins.
Preloading 0 native plugins for Editor in 0.00 ms.
Initialize engine version: 2020.3.11f1c1 (77449f27ef9b)
[Subsystems] Discovering subsystems at path C:/Program Files/Unity/Hub/Editor/2020.3.11f1c1/Editor/Data/Resources/UnitySubsystems
[Subsystems] Discovering subsystems at path C:/ME/Unity/Thief/Assets
GfxDevice: creating device client; threaded=0
Direct3D:
    Version:  Direct3D 11.0 [level 11.1]
    Renderer: NVIDIA GeForce RTX 2060 (ID=0x1f15)
    Vendor:   
    VRAM:     5980 MB
    Driver:   27.21.14.6280
Initialize mono
Mono path[0] = 'C:/Program Files/Unity/Hub/Editor/2020.3.11f1c1/Editor/Data/Managed'
Mono path[1] = 'C:/Program Files/Unity/Hub/Editor/2020.3.11f1c1/Editor/Data/MonoBleedingEdge/lib/mono/unityjit'
Mono config path = 'C:/Program Files/Unity/Hub/Editor/2020.3.11f1c1/Editor/Data/MonoBleedingEdge/etc'
Using monoOptions --debugger-agent=transport=dt_socket,embedding=1,server=y,suspend=n,address=127.0.0.1:56548
Begin MonoManager ReloadAssembly
Registering precompiled unity dll's ...
Register platform support module: C:/Program Files/Unity/Hub/Editor/2020.3.11f1c1/Editor/Data/PlaybackEngines/MacStandaloneSupport/UnityEditor.OSXStandalone.Extensions.dll
Register platform support module: C:/Program Files/Unity/Hub/Editor/2020.3.11f1c1/Editor/Data/PlaybackEngines/WindowsStandaloneSupport/UnityEditor.WindowsStandalone.Extensions.dll
Registered in 0.003617 seconds.
Native extension for WindowsStandalone target not found
Native extension for OSXStandalone target not found
Refreshing native plugins compatible for Editor in 25.66 ms, found 2 plugins.
Preloading 0 native plugins for Editor in 0.00 ms.
Mono: successfully reloaded assembly
- Completed reload, in  3.006 seconds
Platform modules already initialized, skipping
Registering precompiled user dll's ...
Registered in 0.008913 seconds.
Begin MonoManager ReloadAssembly
Native extension for WindowsStandalone target not found
Native extension for OSXStandalone target not found
Refreshing native plugins compatible for Editor in 0.30 ms, found 2 plugins.
Preloading 0 native plugins for Editor in 0.00 ms.
Mono: successfully reloaded assembly
- Completed reload, in  0.847 seconds
Platform modules already initialized, skipping
========================================================================
Worker process is ready to serve import requests
Launched and connected shader compiler UnityShaderCompiler.exe after 0.04 seconds
Refreshing native plugins compatible for Editor in 0.31 ms, found 2 plugins.
Preloading 0 native plugins for Editor in 0.00 ms.
Unloading 1399 Unused Serialized files (Serialized files now loaded: 0)
System memory in use before: 70.6 MB.
System memory in use after: 70.7 MB.

Unloading 18 unused Assets to reduce memory usage. Loaded Objects now: 1838.
Total: 1.472800 ms (FindLiveObjects: 0.123100 ms CreateObjectMapping: 0.039100 ms MarkObjects: 1.230900 ms  DeleteObjects: 0.079000 ms)

========================================================================
Received Import Request.
  path: Assets/Scenes/start.unity
  artifactKey: Guid(25db10e0ef4123549bee67496f0d1af1) Importer(815301076,1909f56bfc062723c751e8b465ee728b)
Start importing Assets/Scenes/start.unity using Guid(25db10e0ef4123549bee67496f0d1af1) Importer(815301076,1909f56bfc062723c751e8b465ee728b)  -> (artifact id: 'f9f1b85775c99d7c986c2b002cbb6e40') in 0.011936 seconds
  Import took 0.014746 seconds .

========================================================================
Received Prepare
Registering precompiled user dll's ...
Registered in 0.009615 seconds.
Begin MonoManager ReloadAssembly
Native extension for WindowsStandalone target not found
Native extension for OSXStandalone target not found
Refreshing native plugins compatible for Editor in 0.31 ms, found 2 plugins.
Preloading 0 native plugins for Editor in 0.00 ms.
Mono: successfully reloaded assembly
- Completed reload, in  0.808 seconds
Platform modules already initialized, skipping
Refreshing native plugins compatible for Editor in 0.32 ms, found 2 plugins.
Preloading 0 native plugins for Editor in 0.00 ms.
Unloading 1392 Unused Serialized files (Serialized files now loaded: 0)
System memory in use before: 70.4 MB.
System memory in use after: 70.5 MB.

Unloading 13 unused Assets to reduce memory usage. Loaded Objects now: 1841.
Total: 1.376700 ms (FindLiveObjects: 0.117200 ms CreateObjectMapping: 0.035500 ms MarkObjects: 1.210400 ms  DeleteObjects: 0.012700 ms)

========================================================================
Received Import Request.
  Time since last request: 85.740805 seconds.
  path: Assets/material/music.prefab
  artifactKey: Guid(af8f6b5594496c449a2084090bf0fb05) Importer(815301076,1909f56bfc062723c751e8b465ee728b)
Start importing Assets/material/music.prefab using Guid(af8f6b5594496c449a2084090bf0fb05) Importer(815301076,1909f56bfc062723c751e8b465ee728b)  -> (artifact id: '4e7e6dae45e15eb01635188a24ea06cc') in 0.036195 seconds
  Import took 0.038464 seconds .

========================================================================
Received Prepare
Registering precompiled user dll's ...
Registered in 0.004193 seconds.
Begin MonoManager ReloadAssembly
Native extension for WindowsStandalone target not found
Native extension for OSXStandalone target not found
Refreshing native plugins compatible for Editor in 0.33 ms, found 2 plugins.
Preloading 0 native plugins for Editor in 0.00 ms.
Mono: successfully reloaded assembly
- Completed reload, in  0.799 seconds
Platform modules already initialized, skipping
Refreshing native plugins compatible for Editor in 0.33 ms, found 2 plugins.
Preloading 0 native plugins for Editor in 0.00 ms.
Unloading 1392 Unused Serialized files (Serialized files now loaded: 0)
System memory in use before: 70.4 MB.
System memory in use after: 70.5 MB.

Unloading 13 unused Assets to reduce memory usage. Loaded Objects now: 1844.
Total: 1.607800 ms (FindLiveObjects: 0.134100 ms CreateObjectMapping: 0.038700 ms MarkObjects: 1.419200 ms  DeleteObjects: 0.014900 ms)

========================================================================
Received Import Request.
  Time since last request: 8.975874 seconds.
  path: Assets/Scenes/Scene2.unity
  artifactKey: Guid(12b6c6960f7e6df4ba0ad12e4c07ae20) Importer(815301076,1909f56bfc062723c751e8b465ee728b)
Start importing Assets/Scenes/Scene2.unity using Guid(12b6c6960f7e6df4ba0ad12e4c07ae20) Importer(815301076,1909f56bfc062723c751e8b465ee728b)  -> (artifact id: '1b3be8489828e154e4f8787f87843661') in 0.013085 seconds
  Import took 0.022959 seconds .

========================================================================
Received Prepare
Registering precompiled user dll's ...
Registered in 0.007274 seconds.
Begin MonoManager ReloadAssembly
Native extension for WindowsStandalone target not found
Native extension for OSXStandalone target not found
Refreshing native plugins compatible for Editor in 0.30 ms, found 2 plugins.
Preloading 0 native plugins for Editor in 0.00 ms.
Mono: successfully reloaded assembly
- Completed reload, in  0.767 seconds
Platform modules already initialized, skipping
Refreshing native plugins compatible for Editor in 0.32 ms, found 2 plugins.
Preloading 0 native plugins for Editor in 0.00 ms.
Unloading 1392 Unused Serialized files (Serialized files now loaded: 0)
System memory in use before: 70.4 MB.
System memory in use after: 70.5 MB.

Unloading 13 unused Assets to reduce memory usage. Loaded Objects now: 1847.
Total: 1.421100 ms (FindLiveObjects: 0.116300 ms CreateObjectMapping: 0.037800 ms MarkObjects: 1.253700 ms  DeleteObjects: 0.012400 ms)

========================================================================
Received Prepare
Registering precompiled user dll's ...
Registered in 0.009762 seconds.
Begin MonoManager ReloadAssembly
Native extension for WindowsStandalone target not found
Native extension for OSXStandalone target not found
Refreshing native plugins compatible for Editor in 0.31 ms, found 2 plugins.
Preloading 0 native plugins for Editor in 0.00 ms.
Mono: successfully reloaded assembly
- Completed reload, in  0.811 seconds
Platform modules already initialized, skipping
Refreshing native plugins compatible for Editor in 0.32 ms, found 2 plugins.
Preloading 0 native plugins for Editor in 0.00 ms.
Unloading 1392 Unused Serialized files (Serialized files now loaded: 0)
System memory in use before: 70.4 MB.
System memory in use after: 70.5 MB.

Unloading 13 unused Assets to reduce memory usage. Loaded Objects now: 1850.
Total: 1.433500 ms (FindLiveObjects: 0.117900 ms CreateObjectMapping: 0.038100 ms MarkObjects: 1.264000 ms  DeleteObjects: 0.012200 ms)

========================================================================
Received Import Request.
  Time since last request: 90.818314 seconds.
  path: Assets/material/music.prefab
  artifactKey: Guid(af8f6b5594496c449a2084090bf0fb05) Importer(815301076,1909f56bfc062723c751e8b465ee728b)
Start importing Assets/material/music.prefab using Guid(af8f6b5594496c449a2084090bf0fb05) Importer(815301076,1909f56bfc062723c751e8b465ee728b)  -> (artifact id: 'effe53a514b11953a7197346bc71b5a4') in 0.031191 seconds
  Import took 0.034282 seconds .

========================================================================
Received Import Request.
  Time since last request: 18.335703 seconds.
  path: Assets/script/father.cs
  artifactKey: Guid(94645106c5b8eca4594cbf8fa6a4f0e1) Importer(815301076,1909f56bfc062723c751e8b465ee728b)
Start importing Assets/script/father.cs using Guid(94645106c5b8eca4594cbf8fa6a4f0e1) Importer(815301076,1909f56bfc062723c751e8b465ee728b)  -> (artifact id: '89c6af0387b0d05c7bab47e7fe803d30') in 0.004157 seconds
  Import took 0.006979 seconds .

========================================================================
Received Import Request.
  Time since last request: 0.001268 seconds.
  path: Assets/script/father.cs
  artifactKey: Guid(94645106c5b8eca4594cbf8fa6a4f0e1) Importer(815301076,1909f56bfc062723c751e8b465ee728b)
Start importing Assets/script/father.cs using Guid(94645106c5b8eca4594cbf8fa6a4f0e1) Importer(815301076,1909f56bfc062723c751e8b465ee728b)  -> (artifact id: '89c6af0387b0d05c7bab47e7fe803d30') in 0.001952 seconds
  Import took 0.004341 seconds .

========================================================================
Received Import Request.
  Time since last request: 5.223882 seconds.
  path: Assets/script/Ending.cs
  artifactKey: Guid(5ea6e80a963971a439855e64c16f6b78) Importer(815301076,1909f56bfc062723c751e8b465ee728b)
Start importing Assets/script/Ending.cs using Guid(5ea6e80a963971a439855e64c16f6b78) Importer(815301076,1909f56bfc062723c751e8b465ee728b)  -> (artifact id: '3ba04160208a85414546469b7d60e69b') in 0.002209 seconds
  Import took 0.004593 seconds .

========================================================================
Received Import Request.
  Time since last request: 0.319011 seconds.
  path: Assets/script/discover.cs
  artifactKey: Guid(e6bb315fd296ccc419d1e661ea08f4ab) Importer(815301076,1909f56bfc062723c751e8b465ee728b)
Start importing Assets/script/discover.cs using Guid(e6bb315fd296ccc419d1e661ea08f4ab) Importer(815301076,1909f56bfc062723c751e8b465ee728b)  -> (artifact id: '0cd0cd86a0367b879fa7b7a0054f4628') in 0.002298 seconds
  Import took 0.004617 seconds .

========================================================================
Received Import Request.
  Time since last request: 0.000917 seconds.
  path: Assets/script/discover.cs
  artifactKey: Guid(e6bb315fd296ccc419d1e661ea08f4ab) Importer(815301076,1909f56bfc062723c751e8b465ee728b)
Start importing Assets/script/discover.cs using Guid(e6bb315fd296ccc419d1e661ea08f4ab) Importer(815301076,1909f56bfc062723c751e8b465ee728b)  -> (artifact id: '0cd0cd86a0367b879fa7b7a0054f4628') in 0.001952 seconds
  Import took 0.004132 seconds .

========================================================================
Received Prepare
Registering precompiled user dll's ...
Registered in 0.006663 seconds.
Begin MonoManager ReloadAssembly
Native extension for WindowsStandalone target not found
Native extension for OSXStandalone target not found
Refreshing native plugins compatible for Editor in 0.32 ms, found 2 plugins.
Preloading 0 native plugins for Editor in 0.00 ms.
Mono: successfully reloaded assembly
- Completed reload, in  0.807 seconds
Platform modules already initialized, skipping
Refreshing native plugins compatible for Editor in 0.32 ms, found 2 plugins.
Preloading 0 native plugins for Editor in 0.00 ms.
Unloading 1392 Unused Serialized files (Serialized files now loaded: 0)
System memory in use before: 70.5 MB.
System memory in use after: 70.6 MB.

Unloading 13 unused Assets to reduce memory usage. Loaded Objects now: 1853.
Total: 1.446600 ms (FindLiveObjects: 0.113500 ms CreateObjectMapping: 0.035800 ms MarkObjects: 1.284200 ms  DeleteObjects: 0.012300 ms)

========================================================================
Received Import Request.
  Time since last request: 55.268629 seconds.
  path: Assets/script/discover.cs
  artifactKey: Guid(e6bb315fd296ccc419d1e661ea08f4ab) Importer(815301076,1909f56bfc062723c751e8b465ee728b)
Start importing Assets/script/discover.cs using Guid(e6bb315fd296ccc419d1e661ea08f4ab) Importer(815301076,1909f56bfc062723c751e8b465ee728b)  -> (artifact id: '982aba46d68f312d4e3c71454b179445') in 0.003829 seconds
  Import took 0.005785 seconds .

========================================================================
Received Import Request.
  Time since last request: 89.426466 seconds.
  path: Assets/music/单人脚步声音效.wav
  artifactKey: Guid(f16c43b1299c3f442b3ea077c5a2341d) Importer(815301076,1909f56bfc062723c751e8b465ee728b)
Start importing Assets/music/单人脚步声音效.wav using Guid(f16c43b1299c3f442b3ea077c5a2341d) Importer(815301076,1909f56bfc062723c751e8b465ee728b)  -> (artifact id: '91124a748d558088566b4f88c8a50bf5') in 0.063699 seconds
  Import took 0.066452 seconds .

========================================================================
Received Prepare
Registering precompiled user dll's ...
Registered in 0.006018 seconds.
Begin MonoManager ReloadAssembly
Native extension for WindowsStandalone target not found
Native extension for OSXStandalone target not found
Refreshing native plugins compatible for Editor in 0.32 ms, found 2 plugins.
Preloading 0 native plugins for Editor in 0.00 ms.
Mono: successfully reloaded assembly
- Completed reload, in  0.825 seconds
Platform modules already initialized, skipping
Refreshing native plugins compatible for Editor in 0.32 ms, found 2 plugins.
Preloading 0 native plugins for Editor in 0.00 ms.
Unloading 1392 Unused Serialized files (Serialized files now loaded: 0)
System memory in use before: 73.6 MB.
System memory in use after: 73.7 MB.

Unloading 13 unused Assets to reduce memory usage. Loaded Objects now: 1865.
Total: 1.430500 ms (FindLiveObjects: 0.116400 ms CreateObjectMapping: 0.036800 ms MarkObjects: 1.264000 ms  DeleteObjects: 0.012500 ms)

========================================================================
Received Prepare
Registering precompiled user dll's ...
Registered in 0.004408 seconds.
Begin MonoManager ReloadAssembly
Native extension for WindowsStandalone target not found
Native extension for OSXStandalone target not found
Refreshing native plugins compatible for Editor in 0.32 ms, found 2 plugins.
Preloading 0 native plugins for Editor in 0.00 ms.
Mono: successfully reloaded assembly
- Completed reload, in  0.780 seconds
Platform modules already initialized, skipping
Refreshing native plugins compatible for Editor in 0.32 ms, found 2 plugins.
Preloading 0 native plugins for Editor in 0.00 ms.
Unloading 1392 Unused Serialized files (Serialized files now loaded: 0)
System memory in use before: 73.6 MB.
System memory in use after: 73.7 MB.

Unloading 13 unused Assets to reduce memory usage. Loaded Objects now: 1868.
Total: 1.430200 ms (FindLiveObjects: 0.122500 ms CreateObjectMapping: 0.036900 ms MarkObjects: 1.258500 ms  DeleteObjects: 0.011600 ms)

========================================================================
Received Prepare
Registering precompiled user dll's ...
Registered in 0.004410 seconds.
Begin MonoManager ReloadAssembly
Native extension for WindowsStandalone target not found
Native extension for OSXStandalone target not found
Refreshing native plugins compatible for Editor in 0.33 ms, found 2 plugins.
Preloading 0 native plugins for Editor in 0.00 ms.
Mono: successfully reloaded assembly
- Completed reload, in  0.789 seconds
Platform modules already initialized, skipping
Refreshing native plugins compatible for Editor in 0.32 ms, found 2 plugins.
Preloading 0 native plugins for Editor in 0.00 ms.
Unloading 1392 Unused Serialized files (Serialized files now loaded: 0)
System memory in use before: 73.6 MB.
System memory in use after: 73.7 MB.

Unloading 13 unused Assets to reduce memory usage. Loaded Objects now: 1871.
Total: 1.533000 ms (FindLiveObjects: 0.131800 ms CreateObjectMapping: 0.037600 ms MarkObjects: 1.351000 ms  DeleteObjects: 0.011900 ms)

========================================================================
Received Prepare
Registering precompiled user dll's ...
Registered in 0.004190 seconds.
Begin MonoManager ReloadAssembly
Native extension for WindowsStandalone target not found
Native extension for OSXStandalone target not found
Refreshing native plugins compatible for Editor in 0.33 ms, found 2 plugins.
Preloading 0 native plugins for Editor in 0.00 ms.
Mono: successfully reloaded assembly
- Completed reload, in  0.796 seconds
Platform modules already initialized, skipping
Refreshing native plugins compatible for Editor in 0.32 ms, found 2 plugins.
Preloading 0 native plugins for Editor in 0.00 ms.
Unloading 1392 Unused Serialized files (Serialized files now loaded: 0)
System memory in use before: 73.6 MB.
System memory in use after: 73.7 MB.

Unloading 13 unused Assets to reduce memory usage. Loaded Objects now: 1874.
Total: 1.553700 ms (FindLiveObjects: 0.129000 ms CreateObjectMapping: 0.036700 ms MarkObjects: 1.354500 ms  DeleteObjects: 0.032900 ms)

========================================================================
Received Prepare
Registering precompiled user dll's ...
Registered in 0.004793 seconds.
Begin MonoManager ReloadAssembly
Native extension for WindowsStandalone target not found
Native extension for OSXStandalone target not found
Refreshing native plugins compatible for Editor in 0.31 ms, found 2 plugins.
Preloading 0 native plugins for Editor in 0.00 ms.
Mono: successfully reloaded assembly
- Completed reload, in  0.801 seconds
Platform modules already initialized, skipping
Refreshing native plugins compatible for Editor in 0.34 ms, found 2 plugins.
Preloading 0 native plugins for Editor in 0.00 ms.
Unloading 1392 Unused Serialized files (Serialized files now loaded: 0)
System memory in use before: 73.6 MB.
System memory in use after: 73.7 MB.

Unloading 13 unused Assets to reduce memory usage. Loaded Objects now: 1877.
Total: 1.556100 ms (FindLiveObjects: 0.125500 ms CreateObjectMapping: 0.036700 ms MarkObjects: 1.381100 ms  DeleteObjects: 0.012000 ms)

========================================================================
Received Prepare
Registering precompiled user dll's ...
Registered in 0.004425 seconds.
Begin MonoManager ReloadAssembly
Native extension for WindowsStandalone target not found
Native extension for OSXStandalone target not found
Refreshing native plugins compatible for Editor in 0.31 ms, found 2 plugins.
Preloading 0 native plugins for Editor in 0.00 ms.
Mono: successfully reloaded assembly
- Completed reload, in  0.773 seconds
Platform modules already initialized, skipping
Refreshing native plugins compatible for Editor in 0.32 ms, found 2 plugins.
Preloading 0 native plugins for Editor in 0.00 ms.
Unloading 1392 Unused Serialized files (Serialized files now loaded: 0)
System memory in use before: 73.6 MB.
System memory in use after: 73.7 MB.

Unloading 13 unused Assets to reduce memory usage. Loaded Objects now: 1880.
Total: 1.530200 ms (FindLiveObjects: 0.115400 ms CreateObjectMapping: 0.064500 ms MarkObjects: 1.316000 ms  DeleteObjects: 0.033300 ms)

========================================================================
Received Import Request.
  Time since last request: 756.610111 seconds.
  path: ProjectSettings/TagManager.asset
  artifactKey: Guid(00000000000000003000000000000000) Importer(815301076,1909f56bfc062723c751e8b465ee728b)
Start importing ProjectSettings/TagManager.asset using Guid(00000000000000003000000000000000) Importer(815301076,1909f56bfc062723c751e8b465ee728b)  -> (artifact id: 'ae7523b52a3af8953183fd266572847d') in 0.042495 seconds
  Import took 0.045043 seconds .

========================================================================
Received Prepare
Registering precompiled user dll's ...
Registered in 0.005215 seconds.
Begin MonoManager ReloadAssembly
Native extension for WindowsStandalone target not found
Native extension for OSXStandalone target not found
Refreshing native plugins compatible for Editor in 0.32 ms, found 2 plugins.
Preloading 0 native plugins for Editor in 0.00 ms.
Mono: successfully reloaded assembly
- Completed reload, in  0.818 seconds
Platform modules already initialized, skipping
Refreshing native plugins compatible for Editor in 0.40 ms, found 2 plugins.
Preloading 0 native plugins for Editor in 0.00 ms.
Unloading 1392 Unused Serialized files (Serialized files now loaded: 0)
System memory in use before: 73.6 MB.
System memory in use after: 73.7 MB.

Unloading 14 unused Assets to reduce memory usage. Loaded Objects now: 1883.
Total: 1.618600 ms (FindLiveObjects: 0.117600 ms CreateObjectMapping: 0.037300 ms MarkObjects: 1.450000 ms  DeleteObjects: 0.012900 ms)

========================================================================
Received Prepare
Registering precompiled user dll's ...
Registered in 0.004527 seconds.
Begin MonoManager ReloadAssembly
Native extension for WindowsStandalone target not found
Native extension for OSXStandalone target not found
Refreshing native plugins compatible for Editor in 0.32 ms, found 2 plugins.
Preloading 0 native plugins for Editor in 0.00 ms.
Mono: successfully reloaded assembly
- Completed reload, in  0.796 seconds
Platform modules already initialized, skipping
Refreshing native plugins compatible for Editor in 0.33 ms, found 2 plugins.
Preloading 0 native plugins for Editor in 0.00 ms.
Unloading 1392 Unused Serialized files (Serialized files now loaded: 0)
System memory in use before: 73.6 MB.
System memory in use after: 73.7 MB.

Unloading 13 unused Assets to reduce memory usage. Loaded Objects now: 1886.
Total: 1.484200 ms (FindLiveObjects: 0.119100 ms CreateObjectMapping: 0.039900 ms MarkObjects: 1.311800 ms  DeleteObjects: 0.012500 ms)

========================================================================
Received Import Request.
  Time since last request: 205.948745 seconds.
  path: Assets/material/music.prefab
  artifactKey: Guid(af8f6b5594496c449a2084090bf0fb05) Importer(815301076,1909f56bfc062723c751e8b465ee728b)
Start importing Assets/material/music.prefab using Guid(af8f6b5594496c449a2084090bf0fb05) Importer(815301076,1909f56bfc062723c751e8b465ee728b)  -> (artifact id: '026f33bb620733ba339da1493f0f4831') in 0.031804 seconds
  Import took 0.034563 seconds .

========================================================================
Received Prepare
Registering precompiled user dll's ...
Registered in 0.004663 seconds.
Begin MonoManager ReloadAssembly
Native extension for WindowsStandalone target not found
Native extension for OSXStandalone target not found
Refreshing native plugins compatible for Editor in 0.31 ms, found 2 plugins.
Preloading 0 native plugins for Editor in 0.00 ms.
Mono: successfully reloaded assembly
- Completed reload, in  0.786 seconds
Platform modules already initialized, skipping
Refreshing native plugins compatible for Editor in 0.32 ms, found 2 plugins.
Preloading 0 native plugins for Editor in 0.00 ms.
Unloading 1392 Unused Serialized files (Serialized files now loaded: 0)
System memory in use before: 73.6 MB.
System memory in use after: 73.7 MB.

Unloading 13 unused Assets to reduce memory usage. Loaded Objects now: 1889.
Total: 1.628600 ms (FindLiveObjects: 0.135200 ms CreateObjectMapping: 0.055600 ms MarkObjects: 1.423800 ms  DeleteObjects: 0.013300 ms)

========================================================================
Received Prepare
Registering precompiled user dll's ...
Registered in 0.005106 seconds.
Begin MonoManager ReloadAssembly
Native extension for WindowsStandalone target not found
Native extension for OSXStandalone target not found
Refreshing native plugins compatible for Editor in 0.33 ms, found 2 plugins.
Preloading 0 native plugins for Editor in 0.00 ms.
Mono: successfully reloaded assembly
- Completed reload, in  0.813 seconds
Platform modules already initialized, skipping
Refreshing native plugins compatible for Editor in 0.32 ms, found 2 plugins.
Preloading 0 native plugins for Editor in 0.00 ms.
Unloading 1392 Unused Serialized files (Serialized files now loaded: 0)
System memory in use before: 73.6 MB.
System memory in use after: 73.8 MB.

Unloading 13 unused Assets to reduce memory usage. Loaded Objects now: 1892.
Total: 1.676900 ms (FindLiveObjects: 0.129200 ms CreateObjectMapping: 0.036800 ms MarkObjects: 1.498200 ms  DeleteObjects: 0.011800 ms)

========================================================================
Received Import Request.
  Time since last request: 109.642233 seconds.
  path: Assets/material/music.prefab
  artifactKey: Guid(af8f6b5594496c449a2084090bf0fb05) Importer(815301076,1909f56bfc062723c751e8b465ee728b)
Start importing Assets/material/music.prefab using Guid(af8f6b5594496c449a2084090bf0fb05) Importer(815301076,1909f56bfc062723c751e8b465ee728b)  -> (artifact id: '2ea1a04625d682a0cced73d29b6ac866') in 0.030216 seconds
  Import took 0.039803 seconds .

========================================================================
Received Prepare
Registering precompiled user dll's ...
Registered in 0.004505 seconds.
Begin MonoManager ReloadAssembly
Native extension for WindowsStandalone target not found
Native extension for OSXStandalone target not found
Refreshing native plugins compatible for Editor in 0.31 ms, found 2 plugins.
Preloading 0 native plugins for Editor in 0.00 ms.
Mono: successfully reloaded assembly
- Completed reload, in  0.768 seconds
Platform modules already initialized, skipping
Refreshing native plugins compatible for Editor in 0.33 ms, found 2 plugins.
Preloading 0 native plugins for Editor in 0.00 ms.
Unloading 1392 Unused Serialized files (Serialized files now loaded: 0)
System memory in use before: 73.6 MB.
System memory in use after: 73.8 MB.

Unloading 13 unused Assets to reduce memory usage. Loaded Objects now: 1895.
Total: 1.498900 ms (FindLiveObjects: 0.119100 ms CreateObjectMapping: 0.063500 ms MarkObjects: 1.303800 ms  DeleteObjects: 0.011800 ms)

========================================================================
Received Import Request.
  Time since last request: 32.694436 seconds.
  path: Assets/Scenes/Scene2.unity
  artifactKey: Guid(12b6c6960f7e6df4ba0ad12e4c07ae20) Importer(815301076,1909f56bfc062723c751e8b465ee728b)
Start importing Assets/Scenes/Scene2.unity using Guid(12b6c6960f7e6df4ba0ad12e4c07ae20) Importer(815301076,1909f56bfc062723c751e8b465ee728b)  -> (artifact id: 'd3d48c68b5b3ca800b6a8a43b30b4051') in 0.013192 seconds
  Import took 0.023482 seconds .

========================================================================
Received Prepare
Registering precompiled user dll's ...
Registered in 0.004341 seconds.
Begin MonoManager ReloadAssembly
Native extension for WindowsStandalone target not found
Native extension for OSXStandalone target not found
Refreshing native plugins compatible for Editor in 0.34 ms, found 2 plugins.
Preloading 0 native plugins for Editor in 0.00 ms.
Mono: successfully reloaded assembly
- Completed reload, in  0.770 seconds
Platform modules already initialized, skipping
Refreshing native plugins compatible for Editor in 0.32 ms, found 2 plugins.
Preloading 0 native plugins for Editor in 0.00 ms.
Unloading 1392 Unused Serialized files (Serialized files now loaded: 0)
System memory in use before: 73.7 MB.
System memory in use after: 73.8 MB.

Unloading 13 unused Assets to reduce memory usage. Loaded Objects now: 1898.
Total: 1.668700 ms (FindLiveObjects: 0.147300 ms CreateObjectMapping: 0.045500 ms MarkObjects: 1.461500 ms  DeleteObjects: 0.013600 ms)

========================================================================
Received Prepare
Refreshing native plugins compatible for Editor in 3.24 ms, found 2 plugins.
Preloading 0 native plugins for Editor in 0.00 ms.
Unloading 11 Unused Serialized files (Serialized files now loaded: 0)
System memory in use before: 46.3 MB.
System memory in use after: 46.4 MB.

Unloading 11 unused Assets to reduce memory usage. Loaded Objects now: 1898.
Total: 1.561800 ms (FindLiveObjects: 0.119600 ms CreateObjectMapping: 0.038200 ms MarkObjects: 1.394000 ms  DeleteObjects: 0.009000 ms)

AssetImportWorkerClient::OnTransportError - code=2 error=End of file
