Using pre-set license
Built from '2020.3/china_unity/release' branch; Version is '2020.3.11f1c1 (77449f27ef9b) revision 7816351'; Using compiler version '192528614'; Build Type 'Release'
OS: 'Windows 10 Home China; OS build 19042.1348; Version 2009; 64bit' Language: 'zh' Physical Memory: 16150 MB
BatchMode: 1, IsHumanControllingUs: 0, StartBugReporterOnCrash: 0, Is64bit: 1, IsPro: 0

 COMMAND LINE ARGUMENTS:
C:\Program Files\Unity\Hub\Editor\2020.3.11f1c1\Editor\Unity.exe
-adb2
-batchMode
-noUpm
-name
AssetImportWorker0
-projectPath
C:/ME/Unity/Thief
-logFile
Logs/AssetImportWorker0.log
-srvPort
49333
Successfully changed project path to: C:/ME/Unity/Thief
C:/ME/Unity/Thief
Using Asset Import Pipeline V2.
Refreshing native plugins compatible for Editor in 28.32 ms, found 2 plugins.
Preloading 0 native plugins for Editor in 0.00 ms.
Initialize engine version: 2020.3.11f1c1 (77449f27ef9b)
[Subsystems] Discovering subsystems at path C:/Program Files/Unity/Hub/Editor/2020.3.11f1c1/Editor/Data/Resources/UnitySubsystems
[Subsystems] Discovering subsystems at path C:/ME/Unity/Thief/Assets
GfxDevice: creating device client; threaded=0
Direct3D:
    Version:  Direct3D 11.0 [level 11.1]
    Renderer: NVIDIA GeForce RTX 2060 (ID=0x1f15)
    Vendor:   
    VRAM:     5980 MB
    Driver:   27.21.14.6280
Initialize mono
Mono path[0] = 'C:/Program Files/Unity/Hub/Editor/2020.3.11f1c1/Editor/Data/Managed'
Mono path[1] = 'C:/Program Files/Unity/Hub/Editor/2020.3.11f1c1/Editor/Data/MonoBleedingEdge/lib/mono/unityjit'
Mono config path = 'C:/Program Files/Unity/Hub/Editor/2020.3.11f1c1/Editor/Data/MonoBleedingEdge/etc'
Using monoOptions --debugger-agent=transport=dt_socket,embedding=1,server=y,suspend=n,address=127.0.0.1:56928
Begin MonoManager ReloadAssembly
Registering precompiled unity dll's ...
Register platform support module: C:/Program Files/Unity/Hub/Editor/2020.3.11f1c1/Editor/Data/PlaybackEngines/MacStandaloneSupport/UnityEditor.OSXStandalone.Extensions.dll
Register platform support module: C:/Program Files/Unity/Hub/Editor/2020.3.11f1c1/Editor/Data/PlaybackEngines/WindowsStandaloneSupport/UnityEditor.WindowsStandalone.Extensions.dll
Registered in 0.002450 seconds.
Native extension for WindowsStandalone target not found
Native extension for OSXStandalone target not found
Refreshing native plugins compatible for Editor in 26.42 ms, found 2 plugins.
Preloading 0 native plugins for Editor in 0.00 ms.
Mono: successfully reloaded assembly
- Completed reload, in  1.635 seconds
Platform modules already initialized, skipping
Registering precompiled user dll's ...
Registered in 0.004435 seconds.
Begin MonoManager ReloadAssembly
Native extension for WindowsStandalone target not found
Native extension for OSXStandalone target not found
Refreshing native plugins compatible for Editor in 0.30 ms, found 2 plugins.
Preloading 0 native plugins for Editor in 0.00 ms.
Mono: successfully reloaded assembly
- Completed reload, in  0.824 seconds
Platform modules already initialized, skipping
========================================================================
Worker process is ready to serve import requests
Launched and connected shader compiler UnityShaderCompiler.exe after 0.04 seconds
Refreshing native plugins compatible for Editor in 0.31 ms, found 2 plugins.
Preloading 0 native plugins for Editor in 0.00 ms.
Unloading 1395 Unused Serialized files (Serialized files now loaded: 0)
System memory in use before: 70.2 MB.
System memory in use after: 70.3 MB.

Unloading 18 unused Assets to reduce memory usage. Loaded Objects now: 1834.
Total: 1.444600 ms (FindLiveObjects: 0.119900 ms CreateObjectMapping: 0.041200 ms MarkObjects: 1.238500 ms  DeleteObjects: 0.044400 ms)

========================================================================
Received Import Request.
  path: Assets/Scenes/Scene2.unity
  artifactKey: Guid(12b6c6960f7e6df4ba0ad12e4c07ae20) Importer(815301076,1909f56bfc062723c751e8b465ee728b)
Start importing Assets/Scenes/Scene2.unity using Guid(12b6c6960f7e6df4ba0ad12e4c07ae20) Importer(815301076,1909f56bfc062723c751e8b465ee728b)  -> (artifact id: 'b82d03db433469a7407354b5551db4c3') in 0.012691 seconds
  Import took 0.014968 seconds .

========================================================================
Received Import Request.
  Time since last request: 8.046973 seconds.
  path: Assets/Scenes/Scene3.unity
  artifactKey: Guid(20939a1be75da46429545318f218c82b) Importer(815301076,1909f56bfc062723c751e8b465ee728b)
Start importing Assets/Scenes/Scene3.unity using Guid(20939a1be75da46429545318f218c82b) Importer(815301076,1909f56bfc062723c751e8b465ee728b)  -> (artifact id: '21ba2fcac513644081c112e48671a7b1') in 0.002664 seconds
  Import took 0.005244 seconds .

========================================================================
Received Import Request.
  Time since last request: 183.902994 seconds.
  path: Assets/material/father
  artifactKey: Guid(4daa80fa41b010543bf493a352d1be40) Importer(815301076,1909f56bfc062723c751e8b465ee728b)
Start importing Assets/material/father using Guid(4daa80fa41b010543bf493a352d1be40) Importer(815301076,1909f56bfc062723c751e8b465ee728b)  -> (artifact id: 'cc6ad202079aa15a51f5e64e2c544e80') in 0.004238 seconds
  Import took 0.006624 seconds .

========================================================================
Received Import Request.
  Time since last request: 0.040696 seconds.
  path: Assets/material/father/bman0004.jpg
  artifactKey: Guid(0d51de531366292409ab3554ad25a042) Importer(815301076,1909f56bfc062723c751e8b465ee728b)
Start importing Assets/material/father/bman0004.jpg using Guid(0d51de531366292409ab3554ad25a042) Importer(815301076,1909f56bfc062723c751e8b465ee728b)  -> (artifact id: 'a9412ba7a3d11869f3757ef74bc52c8b') in 0.066832 seconds
  Import took 0.069308 seconds .

========================================================================
Received Import Request.
  Time since last request: 0.000144 seconds.
  path: Assets/material/father/file.obj
  artifactKey: Guid(234917ba9de3b6f459989a02c32fa06a) Importer(815301076,1909f56bfc062723c751e8b465ee728b)
Start importing Assets/material/father/file.obj using Guid(234917ba9de3b6f459989a02c32fa06a) Importer(815301076,1909f56bfc062723c751e8b465ee728b)  -> (artifact id: '0004c9e06b51be62ec7be134080fb0d9') in 0.101151 seconds
  Import took 0.102979 seconds .

========================================================================
Received Import Request.
  Time since last request: 2.503539 seconds.
  path: Assets/material/father/file.mtl
  artifactKey: Guid(d73ede761ed9a1c459eff26f59685fd6) Importer(815301076,1909f56bfc062723c751e8b465ee728b)
Start importing Assets/material/father/file.mtl using Guid(d73ede761ed9a1c459eff26f59685fd6) Importer(815301076,1909f56bfc062723c751e8b465ee728b)  -> (artifact id: 'f7720a5166f61ff63adb6ba75f681a9c') in 0.006402 seconds
  Import took 0.008843 seconds .

========================================================================
Received Import Request.
  Time since last request: 333.380021 seconds.
  path: Assets/Scenes/Scene2/NavMesh.asset
  artifactKey: Guid(b27fe9ff1ffd70449b763a1488009890) Importer(815301076,1909f56bfc062723c751e8b465ee728b)
Start importing Assets/Scenes/Scene2/NavMesh.asset using Guid(b27fe9ff1ffd70449b763a1488009890) Importer(815301076,1909f56bfc062723c751e8b465ee728b)  -> (artifact id: '73983079d10489765de00dcbfb4700e0') in 0.004341 seconds
  Import took 0.009648 seconds .

========================================================================
Received Import Request.
  Time since last request: 200.446672 seconds.
  path: Assets/script/father.cs
  artifactKey: Guid(94645106c5b8eca4594cbf8fa6a4f0e1) Importer(815301076,1909f56bfc062723c751e8b465ee728b)
Start importing Assets/script/father.cs using Guid(94645106c5b8eca4594cbf8fa6a4f0e1) Importer(815301076,1909f56bfc062723c751e8b465ee728b)  -> (artifact id: '2a006c0f615cb89308c21418d5081897') in 0.008519 seconds
  Import took 0.011279 seconds .

========================================================================
Received Import Request.
  Time since last request: 0.005394 seconds.
  path: Assets/script/father.cs
  artifactKey: Guid(94645106c5b8eca4594cbf8fa6a4f0e1) Importer(815301076,1909f56bfc062723c751e8b465ee728b)
Start importing Assets/script/father.cs using Guid(94645106c5b8eca4594cbf8fa6a4f0e1) Importer(815301076,1909f56bfc062723c751e8b465ee728b)  -> (artifact id: '2a006c0f615cb89308c21418d5081897') in 0.002847 seconds
  Import took 0.005649 seconds .

========================================================================
Received Prepare
Registering precompiled user dll's ...
Registered in 0.004528 seconds.
Begin MonoManager ReloadAssembly
Native extension for WindowsStandalone target not found
Native extension for OSXStandalone target not found
Refreshing native plugins compatible for Editor in 0.34 ms, found 2 plugins.
Preloading 0 native plugins for Editor in 0.00 ms.
Mono: successfully reloaded assembly
- Completed reload, in  0.834 seconds
Platform modules already initialized, skipping
Refreshing native plugins compatible for Editor in 0.34 ms, found 2 plugins.
Preloading 0 native plugins for Editor in 0.00 ms.
Unloading 1389 Unused Serialized files (Serialized files now loaded: 0)
System memory in use before: 73.4 MB.
System memory in use after: 73.5 MB.

Unloading 13 unused Assets to reduce memory usage. Loaded Objects now: 1882.
Total: 1.546600 ms (FindLiveObjects: 0.142600 ms CreateObjectMapping: 0.042100 ms MarkObjects: 1.327100 ms  DeleteObjects: 0.034100 ms)

========================================================================
Received Prepare
Registering precompiled user dll's ...
Registered in 0.004305 seconds.
Begin MonoManager ReloadAssembly
Native extension for WindowsStandalone target not found
Native extension for OSXStandalone target not found
Refreshing native plugins compatible for Editor in 0.33 ms, found 2 plugins.
Preloading 0 native plugins for Editor in 0.00 ms.
Mono: successfully reloaded assembly
- Completed reload, in  0.795 seconds
Platform modules already initialized, skipping
Refreshing native plugins compatible for Editor in 0.46 ms, found 2 plugins.
Preloading 0 native plugins for Editor in 0.00 ms.
Unloading 1389 Unused Serialized files (Serialized files now loaded: 0)
System memory in use before: 73.4 MB.
System memory in use after: 73.5 MB.

Unloading 13 unused Assets to reduce memory usage. Loaded Objects now: 1885.
Total: 2.028900 ms (FindLiveObjects: 0.175100 ms CreateObjectMapping: 0.065700 ms MarkObjects: 1.748300 ms  DeleteObjects: 0.015900 ms)

========================================================================
Received Prepare
Registering precompiled user dll's ...
Registered in 0.004525 seconds.
Begin MonoManager ReloadAssembly
Native extension for WindowsStandalone target not found
Native extension for OSXStandalone target not found
Refreshing native plugins compatible for Editor in 0.31 ms, found 2 plugins.
Preloading 0 native plugins for Editor in 0.00 ms.
Mono: successfully reloaded assembly
- Completed reload, in  0.809 seconds
Platform modules already initialized, skipping
Refreshing native plugins compatible for Editor in 0.32 ms, found 2 plugins.
Preloading 0 native plugins for Editor in 0.00 ms.
Unloading 1389 Unused Serialized files (Serialized files now loaded: 0)
System memory in use before: 73.5 MB.
System memory in use after: 73.6 MB.

Unloading 13 unused Assets to reduce memory usage. Loaded Objects now: 1888.
Total: 1.578200 ms (FindLiveObjects: 0.144000 ms CreateObjectMapping: 0.041900 ms MarkObjects: 1.379400 ms  DeleteObjects: 0.012100 ms)

========================================================================
Received Prepare
Registering precompiled user dll's ...
Registered in 0.004518 seconds.
Begin MonoManager ReloadAssembly
Native extension for WindowsStandalone target not found
Native extension for OSXStandalone target not found
Refreshing native plugins compatible for Editor in 0.39 ms, found 2 plugins.
Preloading 0 native plugins for Editor in 0.00 ms.
Mono: successfully reloaded assembly
- Completed reload, in  0.765 seconds
Platform modules already initialized, skipping
Refreshing native plugins compatible for Editor in 0.34 ms, found 2 plugins.
Preloading 0 native plugins for Editor in 0.00 ms.
Unloading 1389 Unused Serialized files (Serialized files now loaded: 0)
System memory in use before: 73.5 MB.
System memory in use after: 73.6 MB.

Unloading 13 unused Assets to reduce memory usage. Loaded Objects now: 1891.
Total: 1.482200 ms (FindLiveObjects: 0.127500 ms CreateObjectMapping: 0.037300 ms MarkObjects: 1.305100 ms  DeleteObjects: 0.011700 ms)

========================================================================
Received Prepare
Registering precompiled user dll's ...
Registered in 0.004512 seconds.
Begin MonoManager ReloadAssembly
Native extension for WindowsStandalone target not found
Native extension for OSXStandalone target not found
Refreshing native plugins compatible for Editor in 0.32 ms, found 2 plugins.
Preloading 0 native plugins for Editor in 0.00 ms.
Mono: successfully reloaded assembly
- Completed reload, in  0.825 seconds
Platform modules already initialized, skipping
Refreshing native plugins compatible for Editor in 0.32 ms, found 2 plugins.
Preloading 0 native plugins for Editor in 0.00 ms.
Unloading 1389 Unused Serialized files (Serialized files now loaded: 0)
System memory in use before: 73.5 MB.
System memory in use after: 73.6 MB.

Unloading 13 unused Assets to reduce memory usage. Loaded Objects now: 1894.
Total: 1.842600 ms (FindLiveObjects: 0.131100 ms CreateObjectMapping: 0.055300 ms MarkObjects: 1.640600 ms  DeleteObjects: 0.014400 ms)

========================================================================
Received Prepare
Registering precompiled user dll's ...
Registered in 0.004522 seconds.
Begin MonoManager ReloadAssembly
Native extension for WindowsStandalone target not found
Native extension for OSXStandalone target not found
Refreshing native plugins compatible for Editor in 0.32 ms, found 2 plugins.
Preloading 0 native plugins for Editor in 0.00 ms.
Mono: successfully reloaded assembly
- Completed reload, in  0.806 seconds
Platform modules already initialized, skipping
Refreshing native plugins compatible for Editor in 0.32 ms, found 2 plugins.
Preloading 0 native plugins for Editor in 0.00 ms.
Unloading 1389 Unused Serialized files (Serialized files now loaded: 0)
System memory in use before: 73.5 MB.
System memory in use after: 73.6 MB.

Unloading 13 unused Assets to reduce memory usage. Loaded Objects now: 1897.
Total: 1.543800 ms (FindLiveObjects: 0.114100 ms CreateObjectMapping: 0.033300 ms MarkObjects: 1.383600 ms  DeleteObjects: 0.011900 ms)

========================================================================
Received Prepare
Registering precompiled user dll's ...
Registered in 0.004342 seconds.
Begin MonoManager ReloadAssembly
Native extension for WindowsStandalone target not found
Native extension for OSXStandalone target not found
Refreshing native plugins compatible for Editor in 0.43 ms, found 2 plugins.
Preloading 0 native plugins for Editor in 0.00 ms.
Mono: successfully reloaded assembly
- Completed reload, in  0.804 seconds
Platform modules already initialized, skipping
Refreshing native plugins compatible for Editor in 0.32 ms, found 2 plugins.
Preloading 0 native plugins for Editor in 0.00 ms.
Unloading 1389 Unused Serialized files (Serialized files now loaded: 0)
System memory in use before: 73.5 MB.
System memory in use after: 73.6 MB.

Unloading 13 unused Assets to reduce memory usage. Loaded Objects now: 1900.
Total: 1.657000 ms (FindLiveObjects: 0.126600 ms CreateObjectMapping: 0.035100 ms MarkObjects: 1.458800 ms  DeleteObjects: 0.012300 ms)

========================================================================
Received Prepare
Registering precompiled user dll's ...
Registered in 0.004448 seconds.
Begin MonoManager ReloadAssembly
Native extension for WindowsStandalone target not found
Native extension for OSXStandalone target not found
Refreshing native plugins compatible for Editor in 0.43 ms, found 2 plugins.
Preloading 0 native plugins for Editor in 0.00 ms.
Mono: successfully reloaded assembly
- Completed reload, in  0.832 seconds
Platform modules already initialized, skipping
Refreshing native plugins compatible for Editor in 0.41 ms, found 2 plugins.
Preloading 0 native plugins for Editor in 0.00 ms.
Unloading 1389 Unused Serialized files (Serialized files now loaded: 0)
System memory in use before: 73.5 MB.
System memory in use after: 73.6 MB.

Unloading 13 unused Assets to reduce memory usage. Loaded Objects now: 1903.
Total: 1.550400 ms (FindLiveObjects: 0.123200 ms CreateObjectMapping: 0.037700 ms MarkObjects: 1.355400 ms  DeleteObjects: 0.033400 ms)

========================================================================
Received Import Request.
  Time since last request: 1053.205324 seconds.
  path: Assets/Scenes/Scene2/NavMesh.asset
  artifactKey: Guid(b27fe9ff1ffd70449b763a1488009890) Importer(815301076,1909f56bfc062723c751e8b465ee728b)
Start importing Assets/Scenes/Scene2/NavMesh.asset using Guid(b27fe9ff1ffd70449b763a1488009890) Importer(815301076,1909f56bfc062723c751e8b465ee728b)  -> (artifact id: 'cb46abb80bea5c2396590aeded905fdc') in 0.047343 seconds
  Import took 0.050090 seconds .

========================================================================
Received Import Request.
  Time since last request: 85.523312 seconds.
  path: Assets/Scenes/Scene2/NavMesh.asset
  artifactKey: Guid(b27fe9ff1ffd70449b763a1488009890) Importer(815301076,1909f56bfc062723c751e8b465ee728b)
Start importing Assets/Scenes/Scene2/NavMesh.asset using Guid(b27fe9ff1ffd70449b763a1488009890) Importer(815301076,1909f56bfc062723c751e8b465ee728b)  -> (artifact id: 'c12bb2f139675ccb9454df238481107a') in 0.002747 seconds
  Import took 0.005600 seconds .

========================================================================
Received Prepare
Registering precompiled user dll's ...
Registered in 0.004704 seconds.
Begin MonoManager ReloadAssembly
Native extension for WindowsStandalone target not found
Native extension for OSXStandalone target not found
Refreshing native plugins compatible for Editor in 0.40 ms, found 2 plugins.
Preloading 0 native plugins for Editor in 0.00 ms.
Mono: successfully reloaded assembly
- Completed reload, in  0.819 seconds
Platform modules already initialized, skipping
Refreshing native plugins compatible for Editor in 0.50 ms, found 2 plugins.
Preloading 0 native plugins for Editor in 0.00 ms.
Unloading 1389 Unused Serialized files (Serialized files now loaded: 0)
System memory in use before: 73.5 MB.
System memory in use after: 73.6 MB.

Unloading 13 unused Assets to reduce memory usage. Loaded Objects now: 1906.
Total: 1.493200 ms (FindLiveObjects: 0.127400 ms CreateObjectMapping: 0.039000 ms MarkObjects: 1.314000 ms  DeleteObjects: 0.012000 ms)

========================================================================
Received Prepare
Registering precompiled user dll's ...
Registered in 0.005504 seconds.
Begin MonoManager ReloadAssembly
Native extension for WindowsStandalone target not found
Native extension for OSXStandalone target not found
Refreshing native plugins compatible for Editor in 0.32 ms, found 2 plugins.
Preloading 0 native plugins for Editor in 0.00 ms.
Mono: successfully reloaded assembly
- Completed reload, in  0.808 seconds
Platform modules already initialized, skipping
Refreshing native plugins compatible for Editor in 0.32 ms, found 2 plugins.
Preloading 0 native plugins for Editor in 0.00 ms.
Unloading 1389 Unused Serialized files (Serialized files now loaded: 0)
System memory in use before: 73.5 MB.
System memory in use after: 73.6 MB.

Unloading 13 unused Assets to reduce memory usage. Loaded Objects now: 1909.
Total: 1.508300 ms (FindLiveObjects: 0.132000 ms CreateObjectMapping: 0.037400 ms MarkObjects: 1.325200 ms  DeleteObjects: 0.012800 ms)

========================================================================
Received Prepare
Registering precompiled user dll's ...
Registered in 0.004525 seconds.
Begin MonoManager ReloadAssembly
Native extension for WindowsStandalone target not found
Native extension for OSXStandalone target not found
Refreshing native plugins compatible for Editor in 0.31 ms, found 2 plugins.
Preloading 0 native plugins for Editor in 0.00 ms.
Mono: successfully reloaded assembly
- Completed reload, in  0.812 seconds
Platform modules already initialized, skipping
Refreshing native plugins compatible for Editor in 0.33 ms, found 2 plugins.
Preloading 0 native plugins for Editor in 0.02 ms.
Unloading 1389 Unused Serialized files (Serialized files now loaded: 0)
System memory in use before: 73.5 MB.
System memory in use after: 73.6 MB.

Unloading 13 unused Assets to reduce memory usage. Loaded Objects now: 1912.
Total: 1.533300 ms (FindLiveObjects: 0.120600 ms CreateObjectMapping: 0.037900 ms MarkObjects: 1.361800 ms  DeleteObjects: 0.012300 ms)

========================================================================
Received Prepare
Registering precompiled user dll's ...
Registered in 0.004583 seconds.
Begin MonoManager ReloadAssembly
Native extension for WindowsStandalone target not found
Native extension for OSXStandalone target not found
Refreshing native plugins compatible for Editor in 0.32 ms, found 2 plugins.
Preloading 0 native plugins for Editor in 0.00 ms.
Mono: successfully reloaded assembly
- Completed reload, in  0.826 seconds
Platform modules already initialized, skipping
Refreshing native plugins compatible for Editor in 0.32 ms, found 2 plugins.
Preloading 0 native plugins for Editor in 0.00 ms.
Unloading 1389 Unused Serialized files (Serialized files now loaded: 0)
System memory in use before: 73.5 MB.
System memory in use after: 73.6 MB.

Unloading 13 unused Assets to reduce memory usage. Loaded Objects now: 1915.
Total: 1.469500 ms (FindLiveObjects: 0.140200 ms CreateObjectMapping: 0.046000 ms MarkObjects: 1.269900 ms  DeleteObjects: 0.012700 ms)

========================================================================
Received Prepare
Registering precompiled user dll's ...
Registered in 0.004857 seconds.
Begin MonoManager ReloadAssembly
Native extension for WindowsStandalone target not found
Native extension for OSXStandalone target not found
Refreshing native plugins compatible for Editor in 0.32 ms, found 2 plugins.
Preloading 0 native plugins for Editor in 0.00 ms.
Mono: successfully reloaded assembly
- Completed reload, in  0.806 seconds
Platform modules already initialized, skipping
Refreshing native plugins compatible for Editor in 0.33 ms, found 2 plugins.
Preloading 0 native plugins for Editor in 0.00 ms.
Unloading 1389 Unused Serialized files (Serialized files now loaded: 0)
System memory in use before: 73.5 MB.
System memory in use after: 73.6 MB.

Unloading 13 unused Assets to reduce memory usage. Loaded Objects now: 1918.
Total: 1.515600 ms (FindLiveObjects: 0.130500 ms CreateObjectMapping: 0.037900 ms MarkObjects: 1.335400 ms  DeleteObjects: 0.011200 ms)

========================================================================
Received Prepare
Registering precompiled user dll's ...
Registered in 0.005542 seconds.
Begin MonoManager ReloadAssembly
Native extension for WindowsStandalone target not found
Native extension for OSXStandalone target not found
Refreshing native plugins compatible for Editor in 0.32 ms, found 2 plugins.
Preloading 0 native plugins for Editor in 0.00 ms.
Mono: successfully reloaded assembly
- Completed reload, in  0.806 seconds
Platform modules already initialized, skipping
Refreshing native plugins compatible for Editor in 0.32 ms, found 2 plugins.
Preloading 0 native plugins for Editor in 0.00 ms.
Unloading 1389 Unused Serialized files (Serialized files now loaded: 0)
System memory in use before: 73.5 MB.
System memory in use after: 73.6 MB.

Unloading 13 unused Assets to reduce memory usage. Loaded Objects now: 1921.
Total: 1.550600 ms (FindLiveObjects: 0.141200 ms CreateObjectMapping: 0.041900 ms MarkObjects: 1.354500 ms  DeleteObjects: 0.012200 ms)

========================================================================
Received Prepare
Registering precompiled user dll's ...
Registered in 0.004841 seconds.
Begin MonoManager ReloadAssembly
Native extension for WindowsStandalone target not found
Native extension for OSXStandalone target not found
Refreshing native plugins compatible for Editor in 0.36 ms, found 2 plugins.
Preloading 0 native plugins for Editor in 0.00 ms.
Mono: successfully reloaded assembly
- Completed reload, in  0.827 seconds
Platform modules already initialized, skipping
Refreshing native plugins compatible for Editor in 0.33 ms, found 2 plugins.
Preloading 0 native plugins for Editor in 0.00 ms.
Unloading 1389 Unused Serialized files (Serialized files now loaded: 0)
System memory in use before: 73.5 MB.
System memory in use after: 73.6 MB.

Unloading 13 unused Assets to reduce memory usage. Loaded Objects now: 1924.
Total: 1.651700 ms (FindLiveObjects: 0.138500 ms CreateObjectMapping: 0.040700 ms MarkObjects: 1.458700 ms  DeleteObjects: 0.013000 ms)

========================================================================
Received Prepare
Registering precompiled user dll's ...
Registered in 0.004642 seconds.
Begin MonoManager ReloadAssembly
Native extension for WindowsStandalone target not found
Native extension for OSXStandalone target not found
Refreshing native plugins compatible for Editor in 0.35 ms, found 2 plugins.
Preloading 0 native plugins for Editor in 0.00 ms.
Mono: successfully reloaded assembly
- Completed reload, in  0.813 seconds
Platform modules already initialized, skipping
Refreshing native plugins compatible for Editor in 0.33 ms, found 2 plugins.
Preloading 0 native plugins for Editor in 0.00 ms.
Unloading 1389 Unused Serialized files (Serialized files now loaded: 0)
System memory in use before: 73.5 MB.
System memory in use after: 73.6 MB.

Unloading 13 unused Assets to reduce memory usage. Loaded Objects now: 1927.
Total: 1.756100 ms (FindLiveObjects: 0.135800 ms CreateObjectMapping: 0.039900 ms MarkObjects: 1.566700 ms  DeleteObjects: 0.012900 ms)

========================================================================
Received Prepare
Registering precompiled user dll's ...
Registered in 0.004511 seconds.
Begin MonoManager ReloadAssembly
Native extension for WindowsStandalone target not found
Native extension for OSXStandalone target not found
Refreshing native plugins compatible for Editor in 0.31 ms, found 2 plugins.
Preloading 0 native plugins for Editor in 0.00 ms.
Mono: successfully reloaded assembly
- Completed reload, in  0.784 seconds
Platform modules already initialized, skipping
Refreshing native plugins compatible for Editor in 0.32 ms, found 2 plugins.
Preloading 0 native plugins for Editor in 0.00 ms.
Unloading 1389 Unused Serialized files (Serialized files now loaded: 0)
System memory in use before: 73.5 MB.
System memory in use after: 73.6 MB.

Unloading 13 unused Assets to reduce memory usage. Loaded Objects now: 1930.
Total: 1.465200 ms (FindLiveObjects: 0.125600 ms CreateObjectMapping: 0.037500 ms MarkObjects: 1.289000 ms  DeleteObjects: 0.012300 ms)

========================================================================
Received Prepare
Registering precompiled user dll's ...
Registered in 0.004457 seconds.
Begin MonoManager ReloadAssembly
Native extension for WindowsStandalone target not found
Native extension for OSXStandalone target not found
Refreshing native plugins compatible for Editor in 0.32 ms, found 2 plugins.
Preloading 0 native plugins for Editor in 0.00 ms.
Mono: successfully reloaded assembly
- Completed reload, in  0.811 seconds
Platform modules already initialized, skipping
Refreshing native plugins compatible for Editor in 0.34 ms, found 2 plugins.
Preloading 0 native plugins for Editor in 0.00 ms.
Unloading 1389 Unused Serialized files (Serialized files now loaded: 0)
System memory in use before: 73.5 MB.
System memory in use after: 73.7 MB.

Unloading 13 unused Assets to reduce memory usage. Loaded Objects now: 1933.
Total: 1.570100 ms (FindLiveObjects: 0.131000 ms CreateObjectMapping: 0.041600 ms MarkObjects: 1.383800 ms  DeleteObjects: 0.012600 ms)

========================================================================
Received Import Request.
  Time since last request: 748.497486 seconds.
  path: Assets/Scenes/Scene2/NavMesh.asset
  artifactKey: Guid(b27fe9ff1ffd70449b763a1488009890) Importer(815301076,1909f56bfc062723c751e8b465ee728b)
Start importing Assets/Scenes/Scene2/NavMesh.asset using Guid(b27fe9ff1ffd70449b763a1488009890) Importer(815301076,1909f56bfc062723c751e8b465ee728b)  -> (artifact id: 'cd00012374c3477e4f56a427544228e9') in 0.059166 seconds
  Import took 0.061777 seconds .

========================================================================
Received Prepare
Registering precompiled user dll's ...
Registered in 0.004890 seconds.
Begin MonoManager ReloadAssembly
Native extension for WindowsStandalone target not found
Native extension for OSXStandalone target not found
Refreshing native plugins compatible for Editor in 0.34 ms, found 2 plugins.
Preloading 0 native plugins for Editor in 0.00 ms.
Mono: successfully reloaded assembly
- Completed reload, in  0.852 seconds
Platform modules already initialized, skipping
Refreshing native plugins compatible for Editor in 0.31 ms, found 2 plugins.
Preloading 0 native plugins for Editor in 0.00 ms.
Unloading 1389 Unused Serialized files (Serialized files now loaded: 0)
System memory in use before: 73.5 MB.
System memory in use after: 73.7 MB.

Unloading 13 unused Assets to reduce memory usage. Loaded Objects now: 1936.
Total: 1.655600 ms (FindLiveObjects: 0.132100 ms CreateObjectMapping: 0.038000 ms MarkObjects: 1.472500 ms  DeleteObjects: 0.012400 ms)

========================================================================
Received Prepare
Registering precompiled user dll's ...
Registered in 0.005340 seconds.
Begin MonoManager ReloadAssembly
Native extension for WindowsStandalone target not found
Native extension for OSXStandalone target not found
Refreshing native plugins compatible for Editor in 0.38 ms, found 2 plugins.
Preloading 0 native plugins for Editor in 0.00 ms.
Mono: successfully reloaded assembly
- Completed reload, in  0.832 seconds
Platform modules already initialized, skipping
Refreshing native plugins compatible for Editor in 0.32 ms, found 2 plugins.
Preloading 0 native plugins for Editor in 0.00 ms.
Unloading 1389 Unused Serialized files (Serialized files now loaded: 0)
System memory in use before: 73.6 MB.
System memory in use after: 73.7 MB.

Unloading 13 unused Assets to reduce memory usage. Loaded Objects now: 1939.
Total: 2.260300 ms (FindLiveObjects: 0.143600 ms CreateObjectMapping: 0.079400 ms MarkObjects: 1.994600 ms  DeleteObjects: 0.042000 ms)

========================================================================
Received Prepare
Registering precompiled user dll's ...
Registered in 0.004995 seconds.
Begin MonoManager ReloadAssembly
Native extension for WindowsStandalone target not found
Native extension for OSXStandalone target not found
Refreshing native plugins compatible for Editor in 0.54 ms, found 2 plugins.
Preloading 0 native plugins for Editor in 0.00 ms.
Mono: successfully reloaded assembly
- Completed reload, in  0.800 seconds
Platform modules already initialized, skipping
Refreshing native plugins compatible for Editor in 0.39 ms, found 2 plugins.
Preloading 0 native plugins for Editor in 0.00 ms.
Unloading 1389 Unused Serialized files (Serialized files now loaded: 0)
System memory in use before: 73.6 MB.
System memory in use after: 73.7 MB.

Unloading 13 unused Assets to reduce memory usage. Loaded Objects now: 1942.
Total: 1.631300 ms (FindLiveObjects: 0.126700 ms CreateObjectMapping: 0.039800 ms MarkObjects: 1.451000 ms  DeleteObjects: 0.012800 ms)

========================================================================
Received Import Request.
  Time since last request: 298.552037 seconds.
  path: ProjectSettings/TagManager.asset
  artifactKey: Guid(00000000000000003000000000000000) Importer(815301076,1909f56bfc062723c751e8b465ee728b)
Start importing ProjectSettings/TagManager.asset using Guid(00000000000000003000000000000000) Importer(815301076,1909f56bfc062723c751e8b465ee728b)  -> (artifact id: '0b77657f837765f30228dda0e9d9ce2e') in 0.023343 seconds
  Import took 0.025914 seconds .

========================================================================
Received Import Request.
  Time since last request: 6.953477 seconds.
  path: Assets/script/Kid.cs
  artifactKey: Guid(28928f04e6907a44395a25e016702f01) Importer(815301076,1909f56bfc062723c751e8b465ee728b)
Start importing Assets/script/Kid.cs using Guid(28928f04e6907a44395a25e016702f01) Importer(815301076,1909f56bfc062723c751e8b465ee728b)  -> (artifact id: 'd03706ad00e5a974904479c3789d66b3') in 0.009567 seconds
  Import took 0.011898 seconds .

========================================================================
Received Import Request.
  Time since last request: 0.000329 seconds.
  path: Assets/script/Kid.cs
  artifactKey: Guid(28928f04e6907a44395a25e016702f01) Importer(815301076,1909f56bfc062723c751e8b465ee728b)
Start importing Assets/script/Kid.cs using Guid(28928f04e6907a44395a25e016702f01) Importer(815301076,1909f56bfc062723c751e8b465ee728b)  -> (artifact id: 'd03706ad00e5a974904479c3789d66b3') in 0.002087 seconds
  Import took 0.004011 seconds .

========================================================================
Received Import Request.
  Time since last request: 51.379639 seconds.
  path: Assets/script/discover.cs
  artifactKey: Guid(e6bb315fd296ccc419d1e661ea08f4ab) Importer(815301076,1909f56bfc062723c751e8b465ee728b)
Start importing Assets/script/discover.cs using Guid(e6bb315fd296ccc419d1e661ea08f4ab) Importer(815301076,1909f56bfc062723c751e8b465ee728b)  -> (artifact id: '7c243283acada52bda9638d2ffbe269f') in 0.002300 seconds
  Import took 0.004970 seconds .

========================================================================
Received Prepare
Registering precompiled user dll's ...
Registered in 0.005209 seconds.
Begin MonoManager ReloadAssembly
Native extension for WindowsStandalone target not found
Native extension for OSXStandalone target not found
Refreshing native plugins compatible for Editor in 0.35 ms, found 2 plugins.
Preloading 0 native plugins for Editor in 0.00 ms.
Mono: successfully reloaded assembly
- Completed reload, in  0.838 seconds
Platform modules already initialized, skipping
Refreshing native plugins compatible for Editor in 0.32 ms, found 2 plugins.
Preloading 0 native plugins for Editor in 0.00 ms.
Unloading 1390 Unused Serialized files (Serialized files now loaded: 0)
System memory in use before: 73.6 MB.
System memory in use after: 73.7 MB.

Unloading 14 unused Assets to reduce memory usage. Loaded Objects now: 1946.
Total: 1.736500 ms (FindLiveObjects: 0.142500 ms CreateObjectMapping: 0.036900 ms MarkObjects: 1.541900 ms  DeleteObjects: 0.014300 ms)

========================================================================
Received Prepare
Registering precompiled user dll's ...
Registered in 0.004603 seconds.
Begin MonoManager ReloadAssembly
Native extension for WindowsStandalone target not found
Native extension for OSXStandalone target not found
Refreshing native plugins compatible for Editor in 0.32 ms, found 2 plugins.
Preloading 0 native plugins for Editor in 0.00 ms.
Mono: successfully reloaded assembly
- Completed reload, in  0.809 seconds
Platform modules already initialized, skipping
Refreshing native plugins compatible for Editor in 0.31 ms, found 2 plugins.
Preloading 0 native plugins for Editor in 0.00 ms.
Unloading 1390 Unused Serialized files (Serialized files now loaded: 0)
System memory in use before: 73.6 MB.
System memory in use after: 73.7 MB.

Unloading 13 unused Assets to reduce memory usage. Loaded Objects now: 1949.
Total: 1.893300 ms (FindLiveObjects: 0.153400 ms CreateObjectMapping: 0.059400 ms MarkObjects: 1.667300 ms  DeleteObjects: 0.012500 ms)

========================================================================
Received Import Request.
  Time since last request: 47.889201 seconds.
  path: Assets/script/discover.cs
  artifactKey: Guid(e6bb315fd296ccc419d1e661ea08f4ab) Importer(815301076,1909f56bfc062723c751e8b465ee728b)
Start importing Assets/script/discover.cs using Guid(e6bb315fd296ccc419d1e661ea08f4ab) Importer(815301076,1909f56bfc062723c751e8b465ee728b)  -> (artifact id: '73b9fdc4f41ee1753bd3ddd1b9f787e4') in 0.003939 seconds
  Import took 0.013791 seconds .

========================================================================
Received Prepare
Registering precompiled user dll's ...
Registered in 0.005172 seconds.
Begin MonoManager ReloadAssembly
Native extension for WindowsStandalone target not found
Native extension for OSXStandalone target not found
Refreshing native plugins compatible for Editor in 0.33 ms, found 2 plugins.
Preloading 0 native plugins for Editor in 0.00 ms.
Mono: successfully reloaded assembly
- Completed reload, in  0.791 seconds
Platform modules already initialized, skipping
Refreshing native plugins compatible for Editor in 0.31 ms, found 2 plugins.
Preloading 0 native plugins for Editor in 0.00 ms.
Unloading 1390 Unused Serialized files (Serialized files now loaded: 0)
System memory in use before: 73.6 MB.
System memory in use after: 73.7 MB.

Unloading 13 unused Assets to reduce memory usage. Loaded Objects now: 1952.
Total: 1.564600 ms (FindLiveObjects: 0.125200 ms CreateObjectMapping: 0.036600 ms MarkObjects: 1.389600 ms  DeleteObjects: 0.012500 ms)

========================================================================
Received Import Request.
  Time since last request: 150.969681 seconds.
  path: Assets/script/discover.cs
  artifactKey: Guid(e6bb315fd296ccc419d1e661ea08f4ab) Importer(815301076,1909f56bfc062723c751e8b465ee728b)
Start importing Assets/script/discover.cs using Guid(e6bb315fd296ccc419d1e661ea08f4ab) Importer(815301076,1909f56bfc062723c751e8b465ee728b)  -> (artifact id: 'ae717aa289606039a36f4f7e46504dfc') in 0.004236 seconds
  Import took 0.006123 seconds .

========================================================================
Received Prepare
Registering precompiled user dll's ...
Registered in 0.005155 seconds.
Begin MonoManager ReloadAssembly
Native extension for WindowsStandalone target not found
Native extension for OSXStandalone target not found
Refreshing native plugins compatible for Editor in 0.31 ms, found 2 plugins.
Preloading 0 native plugins for Editor in 0.00 ms.
Mono: successfully reloaded assembly
- Completed reload, in  0.815 seconds
Platform modules already initialized, skipping
Refreshing native plugins compatible for Editor in 0.32 ms, found 2 plugins.
Preloading 0 native plugins for Editor in 0.00 ms.
Unloading 1390 Unused Serialized files (Serialized files now loaded: 0)
System memory in use before: 73.6 MB.
System memory in use after: 73.7 MB.

Unloading 13 unused Assets to reduce memory usage. Loaded Objects now: 1955.
Total: 1.482300 ms (FindLiveObjects: 0.125600 ms CreateObjectMapping: 0.037700 ms MarkObjects: 1.302300 ms  DeleteObjects: 0.015800 ms)

========================================================================
Received Prepare
Registering precompiled user dll's ...
Registered in 0.004528 seconds.
Begin MonoManager ReloadAssembly
Native extension for WindowsStandalone target not found
Native extension for OSXStandalone target not found
Refreshing native plugins compatible for Editor in 0.32 ms, found 2 plugins.
Preloading 0 native plugins for Editor in 0.00 ms.
Mono: successfully reloaded assembly
- Completed reload, in  0.806 seconds
Platform modules already initialized, skipping
Refreshing native plugins compatible for Editor in 0.32 ms, found 2 plugins.
Preloading 0 native plugins for Editor in 0.00 ms.
Unloading 1390 Unused Serialized files (Serialized files now loaded: 0)
System memory in use before: 73.6 MB.
System memory in use after: 73.7 MB.

Unloading 13 unused Assets to reduce memory usage. Loaded Objects now: 1958.
Total: 1.706100 ms (FindLiveObjects: 0.142200 ms CreateObjectMapping: 0.039800 ms MarkObjects: 1.510500 ms  DeleteObjects: 0.012800 ms)

========================================================================
Received Prepare
Registering precompiled user dll's ...
Registered in 0.004523 seconds.
Begin MonoManager ReloadAssembly
Native extension for WindowsStandalone target not found
Native extension for OSXStandalone target not found
Refreshing native plugins compatible for Editor in 0.31 ms, found 2 plugins.
Preloading 0 native plugins for Editor in 0.00 ms.
Mono: successfully reloaded assembly
- Completed reload, in  0.828 seconds
Platform modules already initialized, skipping
Refreshing native plugins compatible for Editor in 0.32 ms, found 2 plugins.
Preloading 0 native plugins for Editor in 0.00 ms.
Unloading 1390 Unused Serialized files (Serialized files now loaded: 0)
System memory in use before: 73.6 MB.
System memory in use after: 73.7 MB.

Unloading 13 unused Assets to reduce memory usage. Loaded Objects now: 1961.
Total: 1.748800 ms (FindLiveObjects: 0.141900 ms CreateObjectMapping: 0.043700 ms MarkObjects: 1.550600 ms  DeleteObjects: 0.011900 ms)

========================================================================
Received Prepare
Registering precompiled user dll's ...
Registered in 0.004409 seconds.
Begin MonoManager ReloadAssembly
Native extension for WindowsStandalone target not found
Native extension for OSXStandalone target not found
Refreshing native plugins compatible for Editor in 0.33 ms, found 2 plugins.
Preloading 0 native plugins for Editor in 0.00 ms.
Mono: successfully reloaded assembly
- Completed reload, in  0.811 seconds
Platform modules already initialized, skipping
Refreshing native plugins compatible for Editor in 0.47 ms, found 2 plugins.
Preloading 0 native plugins for Editor in 0.00 ms.
Unloading 1390 Unused Serialized files (Serialized files now loaded: 0)
System memory in use before: 73.6 MB.
System memory in use after: 73.7 MB.

Unloading 13 unused Assets to reduce memory usage. Loaded Objects now: 1964.
Total: 1.556200 ms (FindLiveObjects: 0.115900 ms CreateObjectMapping: 0.034100 ms MarkObjects: 1.393900 ms  DeleteObjects: 0.011700 ms)

========================================================================
Received Prepare
Registering precompiled user dll's ...
Registered in 0.004803 seconds.
Begin MonoManager ReloadAssembly
Native extension for WindowsStandalone target not found
Native extension for OSXStandalone target not found
Refreshing native plugins compatible for Editor in 0.33 ms, found 2 plugins.
Preloading 0 native plugins for Editor in 0.00 ms.
Mono: successfully reloaded assembly
- Completed reload, in  0.820 seconds
Platform modules already initialized, skipping
Refreshing native plugins compatible for Editor in 0.35 ms, found 2 plugins.
Preloading 0 native plugins for Editor in 0.00 ms.
Unloading 1390 Unused Serialized files (Serialized files now loaded: 0)
System memory in use before: 73.6 MB.
System memory in use after: 73.7 MB.

Unloading 13 unused Assets to reduce memory usage. Loaded Objects now: 1967.
Total: 1.618700 ms (FindLiveObjects: 0.141600 ms CreateObjectMapping: 0.042100 ms MarkObjects: 1.419500 ms  DeleteObjects: 0.014700 ms)

========================================================================
Received Prepare
Registering precompiled user dll's ...
Registered in 0.006048 seconds.
Begin MonoManager ReloadAssembly
Native extension for WindowsStandalone target not found
Native extension for OSXStandalone target not found
Refreshing native plugins compatible for Editor in 0.33 ms, found 2 plugins.
Preloading 0 native plugins for Editor in 0.00 ms.
Mono: successfully reloaded assembly
- Completed reload, in  0.813 seconds
Platform modules already initialized, skipping
Refreshing native plugins compatible for Editor in 0.42 ms, found 2 plugins.
Preloading 0 native plugins for Editor in 0.00 ms.
Unloading 1390 Unused Serialized files (Serialized files now loaded: 0)
System memory in use before: 73.6 MB.
System memory in use after: 73.7 MB.

Unloading 13 unused Assets to reduce memory usage. Loaded Objects now: 1970.
Total: 1.699700 ms (FindLiveObjects: 0.139900 ms CreateObjectMapping: 0.038900 ms MarkObjects: 1.507100 ms  DeleteObjects: 0.013000 ms)

========================================================================
Received Prepare
Registering precompiled user dll's ...
Registered in 0.004436 seconds.
Begin MonoManager ReloadAssembly
Native extension for WindowsStandalone target not found
Native extension for OSXStandalone target not found
Refreshing native plugins compatible for Editor in 0.34 ms, found 2 plugins.
Preloading 0 native plugins for Editor in 0.00 ms.
Mono: successfully reloaded assembly
- Completed reload, in  0.821 seconds
Platform modules already initialized, skipping
Refreshing native plugins compatible for Editor in 0.33 ms, found 2 plugins.
Preloading 0 native plugins for Editor in 0.00 ms.
Unloading 1390 Unused Serialized files (Serialized files now loaded: 0)
System memory in use before: 73.6 MB.
System memory in use after: 73.7 MB.

Unloading 13 unused Assets to reduce memory usage. Loaded Objects now: 1973.
Total: 1.657900 ms (FindLiveObjects: 0.139200 ms CreateObjectMapping: 0.040300 ms MarkObjects: 1.465000 ms  DeleteObjects: 0.012600 ms)

========================================================================
Received Prepare
Registering precompiled user dll's ...
Registered in 0.004713 seconds.
Begin MonoManager ReloadAssembly
Native extension for WindowsStandalone target not found
Native extension for OSXStandalone target not found
Refreshing native plugins compatible for Editor in 0.32 ms, found 2 plugins.
Preloading 0 native plugins for Editor in 0.00 ms.
Mono: successfully reloaded assembly
- Completed reload, in  0.804 seconds
Platform modules already initialized, skipping
Refreshing native plugins compatible for Editor in 0.32 ms, found 2 plugins.
Preloading 0 native plugins for Editor in 0.00 ms.
Unloading 1390 Unused Serialized files (Serialized files now loaded: 0)
System memory in use before: 73.6 MB.
System memory in use after: 73.7 MB.

Unloading 13 unused Assets to reduce memory usage. Loaded Objects now: 1976.
Total: 1.668200 ms (FindLiveObjects: 0.137700 ms CreateObjectMapping: 0.039500 ms MarkObjects: 1.478200 ms  DeleteObjects: 0.012100 ms)

========================================================================
Received Prepare
Registering precompiled user dll's ...
Registered in 0.005078 seconds.
Begin MonoManager ReloadAssembly
Native extension for WindowsStandalone target not found
Native extension for OSXStandalone target not found
Refreshing native plugins compatible for Editor in 0.31 ms, found 2 plugins.
Preloading 0 native plugins for Editor in 0.00 ms.
Mono: successfully reloaded assembly
- Completed reload, in  0.814 seconds
Platform modules already initialized, skipping
Refreshing native plugins compatible for Editor in 0.40 ms, found 2 plugins.
Preloading 0 native plugins for Editor in 0.00 ms.
Unloading 1390 Unused Serialized files (Serialized files now loaded: 0)
System memory in use before: 73.6 MB.
System memory in use after: 73.8 MB.

Unloading 13 unused Assets to reduce memory usage. Loaded Objects now: 1979.
Total: 1.530800 ms (FindLiveObjects: 0.129200 ms CreateObjectMapping: 0.038600 ms MarkObjects: 1.349900 ms  DeleteObjects: 0.012200 ms)

========================================================================
Received Prepare
Registering precompiled user dll's ...
Registered in 0.004828 seconds.
Begin MonoManager ReloadAssembly
Native extension for WindowsStandalone target not found
Native extension for OSXStandalone target not found
Refreshing native plugins compatible for Editor in 0.33 ms, found 2 plugins.
Preloading 0 native plugins for Editor in 0.00 ms.
Mono: successfully reloaded assembly
- Completed reload, in  0.841 seconds
Platform modules already initialized, skipping
Refreshing native plugins compatible for Editor in 0.31 ms, found 2 plugins.
Preloading 0 native plugins for Editor in 0.00 ms.
Unloading 1390 Unused Serialized files (Serialized files now loaded: 0)
System memory in use before: 73.6 MB.
System memory in use after: 73.8 MB.

Unloading 13 unused Assets to reduce memory usage. Loaded Objects now: 1982.
Total: 1.667500 ms (FindLiveObjects: 0.136400 ms CreateObjectMapping: 0.039300 ms MarkObjects: 1.478600 ms  DeleteObjects: 0.012500 ms)

========================================================================
Received Prepare
Registering precompiled user dll's ...
Registered in 0.004648 seconds.
Begin MonoManager ReloadAssembly
Native extension for WindowsStandalone target not found
Native extension for OSXStandalone target not found
Refreshing native plugins compatible for Editor in 0.33 ms, found 2 plugins.
Preloading 0 native plugins for Editor in 0.00 ms.
Mono: successfully reloaded assembly
- Completed reload, in  0.806 seconds
Platform modules already initialized, skipping
Refreshing native plugins compatible for Editor in 0.32 ms, found 2 plugins.
Preloading 0 native plugins for Editor in 0.00 ms.
Unloading 1390 Unused Serialized files (Serialized files now loaded: 0)
System memory in use before: 73.7 MB.
System memory in use after: 73.8 MB.

Unloading 13 unused Assets to reduce memory usage. Loaded Objects now: 1985.
Total: 1.523500 ms (FindLiveObjects: 0.132600 ms CreateObjectMapping: 0.040100 ms MarkObjects: 1.336500 ms  DeleteObjects: 0.013400 ms)

========================================================================
Received Prepare
Registering precompiled user dll's ...
Registered in 0.004634 seconds.
Begin MonoManager ReloadAssembly
Native extension for WindowsStandalone target not found
Native extension for OSXStandalone target not found
Refreshing native plugins compatible for Editor in 0.40 ms, found 2 plugins.
Preloading 0 native plugins for Editor in 0.00 ms.
Mono: successfully reloaded assembly
- Completed reload, in  0.825 seconds
Platform modules already initialized, skipping
Refreshing native plugins compatible for Editor in 0.36 ms, found 2 plugins.
Preloading 0 native plugins for Editor in 0.00 ms.
Unloading 1390 Unused Serialized files (Serialized files now loaded: 0)
System memory in use before: 73.7 MB.
System memory in use after: 73.8 MB.

Unloading 13 unused Assets to reduce memory usage. Loaded Objects now: 1988.
Total: 1.728600 ms (FindLiveObjects: 0.143900 ms CreateObjectMapping: 0.039900 ms MarkObjects: 1.531400 ms  DeleteObjects: 0.012500 ms)

========================================================================
Received Prepare
Registering precompiled user dll's ...
Registered in 0.004401 seconds.
Begin MonoManager ReloadAssembly
Native extension for WindowsStandalone target not found
Native extension for OSXStandalone target not found
Refreshing native plugins compatible for Editor in 0.31 ms, found 2 plugins.
Preloading 0 native plugins for Editor in 0.00 ms.
Mono: successfully reloaded assembly
- Completed reload, in  0.795 seconds
Platform modules already initialized, skipping
Refreshing native plugins compatible for Editor in 0.51 ms, found 2 plugins.
Preloading 0 native plugins for Editor in 0.00 ms.
Unloading 1390 Unused Serialized files (Serialized files now loaded: 0)
System memory in use before: 73.7 MB.
System memory in use after: 73.8 MB.

Unloading 13 unused Assets to reduce memory usage. Loaded Objects now: 1991.
Total: 1.781200 ms (FindLiveObjects: 0.130300 ms CreateObjectMapping: 0.038500 ms MarkObjects: 1.577600 ms  DeleteObjects: 0.012900 ms)

========================================================================
Received Prepare
Registering precompiled user dll's ...
Registered in 0.005209 seconds.
Begin MonoManager ReloadAssembly
Native extension for WindowsStandalone target not found
Native extension for OSXStandalone target not found
Refreshing native plugins compatible for Editor in 0.36 ms, found 2 plugins.
Preloading 0 native plugins for Editor in 0.00 ms.
Mono: successfully reloaded assembly
- Completed reload, in  0.992 seconds
Platform modules already initialized, skipping
Refreshing native plugins compatible for Editor in 0.39 ms, found 2 plugins.
Preloading 0 native plugins for Editor in 0.00 ms.
Unloading 1390 Unused Serialized files (Serialized files now loaded: 0)
System memory in use before: 73.7 MB.
System memory in use after: 73.8 MB.

Unloading 13 unused Assets to reduce memory usage. Loaded Objects now: 1994.
Total: 2.012800 ms (FindLiveObjects: 0.249500 ms CreateObjectMapping: 0.055700 ms MarkObjects: 1.689200 ms  DeleteObjects: 0.017300 ms)

========================================================================
Received Import Request.
  Time since last request: 1591.778363 seconds.
  path: Assets/Scenes/Scene2.unity
  artifactKey: Guid(12b6c6960f7e6df4ba0ad12e4c07ae20) Importer(815301076,1909f56bfc062723c751e8b465ee728b)
Start importing Assets/Scenes/Scene2.unity using Guid(12b6c6960f7e6df4ba0ad12e4c07ae20) Importer(815301076,1909f56bfc062723c751e8b465ee728b)  -> (artifact id: '2c669bb2f9ca788f489d24363cc1954a') in 0.103065 seconds
  Import took 0.106016 seconds .

========================================================================
Received Import Request.
  Time since last request: 13.403942 seconds.
  path: Assets/script/number.cs
  artifactKey: Guid(6c02dd5b14071a14aa9e71f09d29cb54) Importer(815301076,1909f56bfc062723c751e8b465ee728b)
Start importing Assets/script/number.cs using Guid(6c02dd5b14071a14aa9e71f09d29cb54) Importer(815301076,1909f56bfc062723c751e8b465ee728b)  -> (artifact id: 'd9927769cdf3ee427cfcaa8255f8c1ad') in 0.002422 seconds
  Import took 0.005149 seconds .

========================================================================
Received Prepare
Registering precompiled user dll's ...
Registered in 0.005711 seconds.
Begin MonoManager ReloadAssembly
Native extension for WindowsStandalone target not found
Native extension for OSXStandalone target not found
Refreshing native plugins compatible for Editor in 0.48 ms, found 2 plugins.
Preloading 0 native plugins for Editor in 0.00 ms.
Mono: successfully reloaded assembly
- Completed reload, in  0.867 seconds
Platform modules already initialized, skipping
Refreshing native plugins compatible for Editor in 0.34 ms, found 2 plugins.
Preloading 0 native plugins for Editor in 0.00 ms.
Unloading 1391 Unused Serialized files (Serialized files now loaded: 0)
System memory in use before: 73.7 MB.
System memory in use after: 73.8 MB.

Unloading 13 unused Assets to reduce memory usage. Loaded Objects now: 1998.
Total: 2.139500 ms (FindLiveObjects: 0.210900 ms CreateObjectMapping: 0.052100 ms MarkObjects: 1.818400 ms  DeleteObjects: 0.057200 ms)

========================================================================
Received Prepare
Registering precompiled user dll's ...
Registered in 0.005154 seconds.
Begin MonoManager ReloadAssembly
Native extension for WindowsStandalone target not found
Native extension for OSXStandalone target not found
Refreshing native plugins compatible for Editor in 0.32 ms, found 2 plugins.
Preloading 0 native plugins for Editor in 0.00 ms.
Mono: successfully reloaded assembly
- Completed reload, in  0.822 seconds
Platform modules already initialized, skipping
Refreshing native plugins compatible for Editor in 0.31 ms, found 2 plugins.
Preloading 0 native plugins for Editor in 0.00 ms.
Unloading 1391 Unused Serialized files (Serialized files now loaded: 0)
System memory in use before: 73.7 MB.
System memory in use after: 73.8 MB.

Unloading 13 unused Assets to reduce memory usage. Loaded Objects now: 2001.
Total: 1.548700 ms (FindLiveObjects: 0.137600 ms CreateObjectMapping: 0.039500 ms MarkObjects: 1.357500 ms  DeleteObjects: 0.013200 ms)

========================================================================
Received Import Request.
  Time since last request: 187.546383 seconds.
  path: Assets/script/number.cs
  artifactKey: Guid(6c02dd5b14071a14aa9e71f09d29cb54) Importer(815301076,1909f56bfc062723c751e8b465ee728b)
Start importing Assets/script/number.cs using Guid(6c02dd5b14071a14aa9e71f09d29cb54) Importer(815301076,1909f56bfc062723c751e8b465ee728b)  -> (artifact id: '105e2e464ab82402a665739eab29cedf') in 0.003766 seconds
  Import took 0.013970 seconds .

========================================================================
Received Import Request.
  Time since last request: 66.311749 seconds.
  path: Assets/Scenes/Scene3.unity
  artifactKey: Guid(20939a1be75da46429545318f218c82b) Importer(815301076,1909f56bfc062723c751e8b465ee728b)
Start importing Assets/Scenes/Scene3.unity using Guid(20939a1be75da46429545318f218c82b) Importer(815301076,1909f56bfc062723c751e8b465ee728b)  -> (artifact id: '8ab46dbd7effa90e27de887d8dc2e8d3') in 0.016072 seconds
  Import took 0.018485 seconds .

========================================================================
Received Prepare
Registering precompiled user dll's ...
Registered in 0.005136 seconds.
Begin MonoManager ReloadAssembly
Native extension for WindowsStandalone target not found
Native extension for OSXStandalone target not found
Refreshing native plugins compatible for Editor in 0.44 ms, found 2 plugins.
Preloading 0 native plugins for Editor in 0.00 ms.
Mono: successfully reloaded assembly
- Completed reload, in  0.865 seconds
Platform modules already initialized, skipping
Refreshing native plugins compatible for Editor in 0.52 ms, found 2 plugins.
Preloading 0 native plugins for Editor in 0.00 ms.
Unloading 1391 Unused Serialized files (Serialized files now loaded: 0)
System memory in use before: 73.7 MB.
System memory in use after: 73.8 MB.

Unloading 13 unused Assets to reduce memory usage. Loaded Objects now: 2004.
Total: 1.996900 ms (FindLiveObjects: 0.166000 ms CreateObjectMapping: 0.041500 ms MarkObjects: 1.773800 ms  DeleteObjects: 0.014700 ms)

========================================================================
Received Prepare
Registering precompiled user dll's ...
Registered in 0.004852 seconds.
Begin MonoManager ReloadAssembly
Native extension for WindowsStandalone target not found
Native extension for OSXStandalone target not found
Refreshing native plugins compatible for Editor in 0.33 ms, found 2 plugins.
Preloading 0 native plugins for Editor in 0.00 ms.
Mono: successfully reloaded assembly
- Completed reload, in  0.845 seconds
Platform modules already initialized, skipping
Refreshing native plugins compatible for Editor in 0.34 ms, found 2 plugins.
Preloading 0 native plugins for Editor in 0.00 ms.
Unloading 1391 Unused Serialized files (Serialized files now loaded: 0)
System memory in use before: 73.7 MB.
System memory in use after: 73.8 MB.

Unloading 13 unused Assets to reduce memory usage. Loaded Objects now: 2007.
Total: 1.590800 ms (FindLiveObjects: 0.160200 ms CreateObjectMapping: 0.047300 ms MarkObjects: 1.370900 ms  DeleteObjects: 0.011600 ms)

========================================================================
Received Prepare
Registering precompiled user dll's ...
Registered in 0.004512 seconds.
Begin MonoManager ReloadAssembly
Native extension for WindowsStandalone target not found
Native extension for OSXStandalone target not found
Refreshing native plugins compatible for Editor in 0.34 ms, found 2 plugins.
Preloading 0 native plugins for Editor in 0.00 ms.
Mono: successfully reloaded assembly
- Completed reload, in  0.839 seconds
Platform modules already initialized, skipping
Refreshing native plugins compatible for Editor in 0.32 ms, found 2 plugins.
Preloading 0 native plugins for Editor in 0.00 ms.
Unloading 1391 Unused Serialized files (Serialized files now loaded: 0)
System memory in use before: 73.7 MB.
System memory in use after: 73.9 MB.

Unloading 13 unused Assets to reduce memory usage. Loaded Objects now: 2010.
Total: 1.606800 ms (FindLiveObjects: 0.137800 ms CreateObjectMapping: 0.040300 ms MarkObjects: 1.413000 ms  DeleteObjects: 0.014800 ms)

========================================================================
Received Prepare
Registering precompiled user dll's ...
Registered in 0.004853 seconds.
Begin MonoManager ReloadAssembly
Native extension for WindowsStandalone target not found
Native extension for OSXStandalone target not found
Refreshing native plugins compatible for Editor in 0.37 ms, found 2 plugins.
Preloading 0 native plugins for Editor in 0.00 ms.
Mono: successfully reloaded assembly
- Completed reload, in  0.858 seconds
Platform modules already initialized, skipping
Refreshing native plugins compatible for Editor in 0.33 ms, found 2 plugins.
Preloading 0 native plugins for Editor in 0.00 ms.
Unloading 1391 Unused Serialized files (Serialized files now loaded: 0)
System memory in use before: 73.7 MB.
System memory in use after: 73.9 MB.

Unloading 13 unused Assets to reduce memory usage. Loaded Objects now: 2013.
Total: 1.957700 ms (FindLiveObjects: 0.161100 ms CreateObjectMapping: 0.053000 ms MarkObjects: 1.726700 ms  DeleteObjects: 0.015800 ms)

========================================================================
Received Prepare
Registering precompiled user dll's ...
Registered in 0.004576 seconds.
Begin MonoManager ReloadAssembly
Native extension for WindowsStandalone target not found
Native extension for OSXStandalone target not found
Refreshing native plugins compatible for Editor in 0.34 ms, found 2 plugins.
Preloading 0 native plugins for Editor in 0.00 ms.
Mono: successfully reloaded assembly
- Completed reload, in  0.827 seconds
Platform modules already initialized, skipping
Refreshing native plugins compatible for Editor in 0.35 ms, found 2 plugins.
Preloading 0 native plugins for Editor in 0.00 ms.
Unloading 1391 Unused Serialized files (Serialized files now loaded: 0)
System memory in use before: 73.8 MB.
System memory in use after: 73.9 MB.

Unloading 13 unused Assets to reduce memory usage. Loaded Objects now: 2016.
Total: 2.177200 ms (FindLiveObjects: 0.138600 ms CreateObjectMapping: 0.039100 ms MarkObjects: 1.983500 ms  DeleteObjects: 0.015000 ms)

========================================================================
Received Import Request.
  Time since last request: 377.191297 seconds.
  path: Assets/Scenes/start.unity
  artifactKey: Guid(25db10e0ef4123549bee67496f0d1af1) Importer(815301076,1909f56bfc062723c751e8b465ee728b)
Start importing Assets/Scenes/start.unity using Guid(25db10e0ef4123549bee67496f0d1af1) Importer(815301076,1909f56bfc062723c751e8b465ee728b)  -> (artifact id: '5a2565bd5979b144c228ee556f7be6f8') in 0.036329 seconds
  Import took 0.039495 seconds .

========================================================================
Received Import Request.
  Time since last request: 117.557538 seconds.
  path: Assets/sprite/UI.png
  artifactKey: Guid(0e03b81c0e804114bab230945d59165b) Importer(815301076,1909f56bfc062723c751e8b465ee728b)
Start importing Assets/sprite/UI.png using Guid(0e03b81c0e804114bab230945d59165b) Importer(815301076,1909f56bfc062723c751e8b465ee728b)  -> (artifact id: '91ae720cfeb40757848c6f67b95eb17a') in 0.037802 seconds
  Import took 0.040463 seconds .

========================================================================
Received Import Request.
  Time since last request: 4.038567 seconds.
  path: Assets/sprite/UI.png
  artifactKey: Guid(0e03b81c0e804114bab230945d59165b) Importer(815301076,1909f56bfc062723c751e8b465ee728b)
Start importing Assets/sprite/UI.png using Guid(0e03b81c0e804114bab230945d59165b) Importer(815301076,1909f56bfc062723c751e8b465ee728b)  -> (artifact id: '40a467f564cd50a16051889528a502c3') in 0.029846 seconds
  Import took 0.032208 seconds .

========================================================================
Received Import Request.
  Time since last request: 173.378291 seconds.
  path: Assets/sprite/UI.png
  artifactKey: Guid(0e03b81c0e804114bab230945d59165b) Importer(815301076,1909f56bfc062723c751e8b465ee728b)
Start importing Assets/sprite/UI.png using Guid(0e03b81c0e804114bab230945d59165b) Importer(815301076,1909f56bfc062723c751e8b465ee728b)  -> (artifact id: '56e9eb5fe293949297eb883922c2c114') in 0.014661 seconds
  Import took 0.017836 seconds .

========================================================================
Received Prepare
Registering precompiled user dll's ...
Registered in 0.004566 seconds.
Begin MonoManager ReloadAssembly
Native extension for WindowsStandalone target not found
Native extension for OSXStandalone target not found
Refreshing native plugins compatible for Editor in 0.33 ms, found 2 plugins.
Preloading 0 native plugins for Editor in 0.00 ms.
Mono: successfully reloaded assembly
- Completed reload, in  0.846 seconds
Platform modules already initialized, skipping
Refreshing native plugins compatible for Editor in 0.32 ms, found 2 plugins.
Preloading 0 native plugins for Editor in 0.00 ms.
Unloading 1391 Unused Serialized files (Serialized files now loaded: 0)
System memory in use before: 73.8 MB.
System memory in use after: 73.9 MB.

Unloading 13 unused Assets to reduce memory usage. Loaded Objects now: 2022.
Total: 2.556700 ms (FindLiveObjects: 0.156600 ms CreateObjectMapping: 0.060000 ms MarkObjects: 2.322900 ms  DeleteObjects: 0.016300 ms)

========================================================================
Received Import Request.
  Time since last request: 226.395942 seconds.
  path: Assets/Scenes/start.unity
  artifactKey: Guid(25db10e0ef4123549bee67496f0d1af1) Importer(815301076,1909f56bfc062723c751e8b465ee728b)
Start importing Assets/Scenes/start.unity using Guid(25db10e0ef4123549bee67496f0d1af1) Importer(815301076,1909f56bfc062723c751e8b465ee728b)  -> (artifact id: 'fd0aabdd01669c61d305cb9555c76a47') in 0.012429 seconds
  Import took 0.015082 seconds .

========================================================================
Received Import Request.
  Time since last request: 0.000528 seconds.
  path: Assets/Scenes/start.unity
  artifactKey: Guid(25db10e0ef4123549bee67496f0d1af1) Importer(815301076,1909f56bfc062723c751e8b465ee728b)
Start importing Assets/Scenes/start.unity using Guid(25db10e0ef4123549bee67496f0d1af1) Importer(815301076,1909f56bfc062723c751e8b465ee728b)  -> (artifact id: 'fd0aabdd01669c61d305cb9555c76a47') in 0.002356 seconds
  Import took 0.004636 seconds .

========================================================================
Received Prepare
Registering precompiled user dll's ...
Registered in 0.005083 seconds.
Begin MonoManager ReloadAssembly
Native extension for WindowsStandalone target not found
Native extension for OSXStandalone target not found
Refreshing native plugins compatible for Editor in 0.33 ms, found 2 plugins.
Preloading 0 native plugins for Editor in 0.00 ms.
Mono: successfully reloaded assembly
- Completed reload, in  0.840 seconds
Platform modules already initialized, skipping
Refreshing native plugins compatible for Editor in 0.33 ms, found 2 plugins.
Preloading 0 native plugins for Editor in 0.00 ms.
Unloading 1391 Unused Serialized files (Serialized files now loaded: 0)
System memory in use before: 73.8 MB.
System memory in use after: 73.9 MB.

Unloading 13 unused Assets to reduce memory usage. Loaded Objects now: 2025.
Total: 2.192200 ms (FindLiveObjects: 0.171900 ms CreateObjectMapping: 0.048900 ms MarkObjects: 1.954800 ms  DeleteObjects: 0.015500 ms)

========================================================================
Received Prepare
Registering precompiled user dll's ...
Registered in 0.004505 seconds.
Begin MonoManager ReloadAssembly
Native extension for WindowsStandalone target not found
Native extension for OSXStandalone target not found
Refreshing native plugins compatible for Editor in 0.31 ms, found 2 plugins.
Preloading 0 native plugins for Editor in 0.00 ms.
Mono: successfully reloaded assembly
- Completed reload, in  0.835 seconds
Platform modules already initialized, skipping
Refreshing native plugins compatible for Editor in 0.48 ms, found 2 plugins.
Preloading 0 native plugins for Editor in 0.00 ms.
Unloading 1393 Unused Serialized files (Serialized files now loaded: 0)
System memory in use before: 73.8 MB.
System memory in use after: 73.9 MB.

Unloading 13 unused Assets to reduce memory usage. Loaded Objects now: 2030.
Total: 1.570700 ms (FindLiveObjects: 0.138900 ms CreateObjectMapping: 0.040800 ms MarkObjects: 1.377700 ms  DeleteObjects: 0.012400 ms)

========================================================================
Received Import Request.
  Time since last request: 459.227731 seconds.
  path: Assets/music/The Original Movies Orchestra - Speak Softly Love.mp3
  artifactKey: Guid(dc8fcd516b09c20489fdf4ce7d1039fd) Importer(815301076,1909f56bfc062723c751e8b465ee728b)
Start importing Assets/music/The Original Movies Orchestra - Speak Softly Love.mp3 using Guid(dc8fcd516b09c20489fdf4ce7d1039fd) Importer(815301076,1909f56bfc062723c751e8b465ee728b)  -> (artifact id: '7917cb30af56c8cd7a44fce976ac1580') in 0.048413 seconds
  Import took 0.050890 seconds .

========================================================================
Received Import Request.
  Time since last request: 15.470746 seconds.
  path: Assets/script/music.cs
  artifactKey: Guid(abd6ac094747d88439c2a86245e35cd4) Importer(815301076,1909f56bfc062723c751e8b465ee728b)
Start importing Assets/script/music.cs using Guid(abd6ac094747d88439c2a86245e35cd4) Importer(815301076,1909f56bfc062723c751e8b465ee728b)  -> (artifact id: '6f8563c755e8babbc4dd1f6228486417') in 0.002540 seconds
  Import took 0.005167 seconds .

========================================================================
Received Import Request.
  Time since last request: 4.504215 seconds.
  path: Assets/script/music2.cs
  artifactKey: Guid(1e4910439c83d114dada77cebad715a3) Importer(815301076,1909f56bfc062723c751e8b465ee728b)
Start importing Assets/script/music2.cs using Guid(1e4910439c83d114dada77cebad715a3) Importer(815301076,1909f56bfc062723c751e8b465ee728b)  -> (artifact id: '5c9ab9063bc4bcb3a2f0b4c65ac73936') in 0.003137 seconds
  Import took 0.005600 seconds .

========================================================================
Received Import Request.
  Time since last request: 0.020251 seconds.
  path: Assets/script/music2.cs
  artifactKey: Guid(1e4910439c83d114dada77cebad715a3) Importer(815301076,1909f56bfc062723c751e8b465ee728b)
Start importing Assets/script/music2.cs using Guid(1e4910439c83d114dada77cebad715a3) Importer(815301076,1909f56bfc062723c751e8b465ee728b)  -> (artifact id: '5c9ab9063bc4bcb3a2f0b4c65ac73936') in 0.002807 seconds
  Import took 0.004983 seconds .

========================================================================
Received Import Request.
  Time since last request: 8.089135 seconds.
  path: ProjectSettings/TagManager.asset
  artifactKey: Guid(00000000000000003000000000000000) Importer(815301076,1909f56bfc062723c751e8b465ee728b)
Start importing ProjectSettings/TagManager.asset using Guid(00000000000000003000000000000000) Importer(815301076,1909f56bfc062723c751e8b465ee728b)  -> (artifact id: '77b37ce63d879c9858a0b8d00b0886de') in 0.002951 seconds
  Import took 0.005565 seconds .

========================================================================
Received Import Request.
  Time since last request: 0.005342 seconds.
  path: ProjectSettings/TagManager.asset
  artifactKey: Guid(00000000000000003000000000000000) Importer(815301076,1909f56bfc062723c751e8b465ee728b)
Start importing ProjectSettings/TagManager.asset using Guid(00000000000000003000000000000000) Importer(815301076,1909f56bfc062723c751e8b465ee728b)  -> (artifact id: '77b37ce63d879c9858a0b8d00b0886de') in 0.002376 seconds
  Import took 0.004332 seconds .

========================================================================
Received Import Request.
  Time since last request: 33.669470 seconds.
  path: Assets/material/music.prefab
  artifactKey: Guid(af8f6b5594496c449a2084090bf0fb05) Importer(815301076,1909f56bfc062723c751e8b465ee728b)
Start importing Assets/material/music.prefab using Guid(af8f6b5594496c449a2084090bf0fb05) Importer(815301076,1909f56bfc062723c751e8b465ee728b)  -> (artifact id: 'b6e534b7b7ecf9d309d3823ccc2db06b') in 0.011466 seconds
  Import took 0.013527 seconds .

========================================================================
Received Import Request.
  Time since last request: 0.005690 seconds.
  path: Assets/material/music.prefab
  artifactKey: Guid(af8f6b5594496c449a2084090bf0fb05) Importer(815301076,1909f56bfc062723c751e8b465ee728b)
Start importing Assets/material/music.prefab using Guid(af8f6b5594496c449a2084090bf0fb05) Importer(815301076,1909f56bfc062723c751e8b465ee728b)  -> (artifact id: 'b6e534b7b7ecf9d309d3823ccc2db06b') in 0.003436 seconds
  Import took 0.005664 seconds .

========================================================================
Received Import Request.
  Time since last request: 18.408644 seconds.
  path: Assets/Scenes/Scene2.unity
  artifactKey: Guid(12b6c6960f7e6df4ba0ad12e4c07ae20) Importer(815301076,1909f56bfc062723c751e8b465ee728b)
Start importing Assets/Scenes/Scene2.unity using Guid(12b6c6960f7e6df4ba0ad12e4c07ae20) Importer(815301076,1909f56bfc062723c751e8b465ee728b)  -> (artifact id: '1d845db40d025f0715a7452f6c73b35a') in 0.002457 seconds
  Import took 0.012020 seconds .

========================================================================
Received Import Request.
  Time since last request: 157.634086 seconds.
  path: ProjectSettings/TagManager.asset
  artifactKey: Guid(00000000000000003000000000000000) Importer(815301076,1909f56bfc062723c751e8b465ee728b)
Start importing ProjectSettings/TagManager.asset using Guid(00000000000000003000000000000000) Importer(815301076,1909f56bfc062723c751e8b465ee728b)  -> (artifact id: '2c61162146a04c2174878397635ed5e8') in 0.002656 seconds
  Import took 0.004704 seconds .

========================================================================
Received Prepare
Registering precompiled user dll's ...
Registered in 0.004115 seconds.
Begin MonoManager ReloadAssembly
Native extension for WindowsStandalone target not found
Native extension for OSXStandalone target not found
Refreshing native plugins compatible for Editor in 0.31 ms, found 2 plugins.
Preloading 0 native plugins for Editor in 0.00 ms.
Mono: successfully reloaded assembly
- Completed reload, in  0.823 seconds
Platform modules already initialized, skipping
Refreshing native plugins compatible for Editor in 0.32 ms, found 2 plugins.
Preloading 0 native plugins for Editor in 0.00 ms.
Unloading 1393 Unused Serialized files (Serialized files now loaded: 0)
System memory in use before: 73.9 MB.
System memory in use after: 74.0 MB.

Unloading 16 unused Assets to reduce memory usage. Loaded Objects now: 2036.
Total: 1.554900 ms (FindLiveObjects: 0.136800 ms CreateObjectMapping: 0.042200 ms MarkObjects: 1.361600 ms  DeleteObjects: 0.013500 ms)

========================================================================
Received Prepare
Registering precompiled user dll's ...
Registered in 0.004437 seconds.
Begin MonoManager ReloadAssembly
Native extension for WindowsStandalone target not found
Native extension for OSXStandalone target not found
Refreshing native plugins compatible for Editor in 0.32 ms, found 2 plugins.
Preloading 0 native plugins for Editor in 0.00 ms.
Mono: successfully reloaded assembly
- Completed reload, in  0.822 seconds
Platform modules already initialized, skipping
Refreshing native plugins compatible for Editor in 0.32 ms, found 2 plugins.
Preloading 0 native plugins for Editor in 0.00 ms.
Unloading 1393 Unused Serialized files (Serialized files now loaded: 0)
System memory in use before: 73.9 MB.
System memory in use after: 74.0 MB.

Unloading 13 unused Assets to reduce memory usage. Loaded Objects now: 2039.
Total: 1.694600 ms (FindLiveObjects: 0.189500 ms CreateObjectMapping: 0.056200 ms MarkObjects: 1.434400 ms  DeleteObjects: 0.013700 ms)

========================================================================
Received Prepare
Registering precompiled user dll's ...
Registered in 0.004832 seconds.
Begin MonoManager ReloadAssembly
Native extension for WindowsStandalone target not found
Native extension for OSXStandalone target not found
Refreshing native plugins compatible for Editor in 0.33 ms, found 2 plugins.
Preloading 0 native plugins for Editor in 0.00 ms.
Mono: successfully reloaded assembly
- Completed reload, in  0.802 seconds
Platform modules already initialized, skipping
Refreshing native plugins compatible for Editor in 0.33 ms, found 2 plugins.
Preloading 0 native plugins for Editor in 0.00 ms.
Unloading 1393 Unused Serialized files (Serialized files now loaded: 0)
System memory in use before: 73.9 MB.
System memory in use after: 74.0 MB.

Unloading 13 unused Assets to reduce memory usage. Loaded Objects now: 2042.
Total: 1.697200 ms (FindLiveObjects: 0.126600 ms CreateObjectMapping: 0.049100 ms MarkObjects: 1.508700 ms  DeleteObjects: 0.012100 ms)

========================================================================
Received Prepare
Registering precompiled user dll's ...
Registered in 0.004333 seconds.
Begin MonoManager ReloadAssembly
Native extension for WindowsStandalone target not found
Native extension for OSXStandalone target not found
Refreshing native plugins compatible for Editor in 0.32 ms, found 2 plugins.
Preloading 0 native plugins for Editor in 0.00 ms.
Mono: successfully reloaded assembly
- Completed reload, in  0.897 seconds
Platform modules already initialized, skipping
Refreshing native plugins compatible for Editor in 0.38 ms, found 2 plugins.
Preloading 0 native plugins for Editor in 0.00 ms.
Unloading 1392 Unused Serialized files (Serialized files now loaded: 0)
System memory in use before: 73.9 MB.
System memory in use after: 74.0 MB.

Unloading 14 unused Assets to reduce memory usage. Loaded Objects now: 2044.
Total: 1.838200 ms (FindLiveObjects: 0.130900 ms CreateObjectMapping: 0.035700 ms MarkObjects: 1.654100 ms  DeleteObjects: 0.016600 ms)

========================================================================
Received Import Request.
  Time since last request: 295.175081 seconds.
  path: Assets/music/.wav
  artifactKey: Guid(3fed2b0a9a134df4fa284979274c66f1) Importer(815301076,1909f56bfc062723c751e8b465ee728b)
Start importing Assets/music/.wav using Guid(3fed2b0a9a134df4fa284979274c66f1) Importer(815301076,1909f56bfc062723c751e8b465ee728b)  -> (artifact id: '14df37fffb2822e1d832f827c584fa0a') in 0.049615 seconds
  Import took 0.052263 seconds .

========================================================================
Received Prepare
Registering precompiled user dll's ...
Registered in 0.004503 seconds.
Begin MonoManager ReloadAssembly
Native extension for WindowsStandalone target not found
Native extension for OSXStandalone target not found
Refreshing native plugins compatible for Editor in 0.32 ms, found 2 plugins.
Preloading 0 native plugins for Editor in 0.00 ms.
Mono: successfully reloaded assembly
- Completed reload, in  0.774 seconds
Platform modules already initialized, skipping
Refreshing native plugins compatible for Editor in 0.35 ms, found 2 plugins.
Preloading 0 native plugins for Editor in 0.00 ms.
Unloading 1392 Unused Serialized files (Serialized files now loaded: 0)
System memory in use before: 73.9 MB.
System memory in use after: 74.0 MB.

Unloading 13 unused Assets to reduce memory usage. Loaded Objects now: 2048.
Total: 2.974100 ms (FindLiveObjects: 0.313000 ms CreateObjectMapping: 0.108200 ms MarkObjects: 2.538900 ms  DeleteObjects: 0.013200 ms)

AssetImportWorkerClient::OnTransportError - code=2 error=End of file
