Using pre-set license
Built from '2020.3/china_unity/release' branch; Version is '2020.3.11f1c1 (77449f27ef9b) revision 7816351'; Using compiler version '192528614'; Build Type 'Release'
OS: 'Windows 10 Home China; OS build 19042.1288; Version 2009; 64bit' Language: 'zh' Physical Memory: 16150 MB
BatchMode: 1, IsHumanControllingUs: 0, StartBugReporterOnCrash: 0, Is64bit: 1, IsPro: 0

 COMMAND LINE ARGUMENTS:
C:\Program Files\Unity\Hub\Editor\2020.3.11f1c1\Editor\Unity.exe
-adb2
-batchMode
-noUpm
-name
AssetImportWorker0
-projectPath
C:/ME/Unity/Shoot
-logFile
Logs/AssetImportWorker0.log
-srvPort
59108
Successfully changed project path to: C:/ME/Unity/Shoot
C:/ME/Unity/Shoot
Using Asset Import Pipeline V2.
Refreshing native plugins compatible for Editor in 47.00 ms, found 3 plugins.
Preloading 0 native plugins for Editor in 0.00 ms.
Initialize engine version: 2020.3.11f1c1 (77449f27ef9b)
[Subsystems] Discovering subsystems at path C:/Program Files/Unity/Hub/Editor/2020.3.11f1c1/Editor/Data/Resources/UnitySubsystems
[Subsystems] Discovering subsystems at path C:/ME/Unity/Shoot/Assets
GfxDevice: creating device client; threaded=0
Direct3D:
    Version:  Direct3D 11.0 [level 11.1]
    Renderer: Intel(R) UHD Graphics (ID=0x9bc4)
    Vendor:   
    VRAM:     8075 MB
    Driver:   27.20.100.8935
Initialize mono
Mono path[0] = 'C:/Program Files/Unity/Hub/Editor/2020.3.11f1c1/Editor/Data/Managed'
Mono path[1] = 'C:/Program Files/Unity/Hub/Editor/2020.3.11f1c1/Editor/Data/MonoBleedingEdge/lib/mono/unityjit'
Mono config path = 'C:/Program Files/Unity/Hub/Editor/2020.3.11f1c1/Editor/Data/MonoBleedingEdge/etc'
Using monoOptions --debugger-agent=transport=dt_socket,embedding=1,server=y,suspend=n,address=127.0.0.1:56656
Begin MonoManager ReloadAssembly
Registering precompiled unity dll's ...
Register platform support module: C:/Program Files/Unity/Hub/Editor/2020.3.11f1c1/Editor/Data/PlaybackEngines/WindowsStandaloneSupport/UnityEditor.WindowsStandalone.Extensions.dll
Registered in 0.002665 seconds.
Native extension for WindowsStandalone target not found
Refreshing native plugins compatible for Editor in 44.91 ms, found 3 plugins.
Preloading 0 native plugins for Editor in 0.00 ms.
Mono: successfully reloaded assembly
- Completed reload, in  2.233 seconds
Platform modules already initialized, skipping
Registering precompiled user dll's ...
Registered in 0.005948 seconds.
Begin MonoManager ReloadAssembly
Native extension for WindowsStandalone target not found
Refreshing native plugins compatible for Editor in 48.64 ms, found 3 plugins.
Preloading 0 native plugins for Editor in 0.00 ms.
Mono: successfully reloaded assembly
- Completed reload, in  1.418 seconds
Platform modules already initialized, skipping
========================================================================
Worker process is ready to serve import requests
Launched and connected shader compiler UnityShaderCompiler.exe after 0.05 seconds
Refreshing native plugins compatible for Editor in 0.45 ms, found 3 plugins.
Preloading 0 native plugins for Editor in 0.00 ms.
Unloading 2086 Unused Serialized files (Serialized files now loaded: 0)
System memory in use before: 95.4 MB.
System memory in use after: 95.5 MB.

Unloading 28 unused Assets to reduce memory usage. Loaded Objects now: 2525.
Total: 2.605700 ms (FindLiveObjects: 0.230200 ms CreateObjectMapping: 0.093500 ms MarkObjects: 2.169500 ms  DeleteObjects: 0.111200 ms)

========================================================================
Received Import Request.
  path: Assets/Scenes/Scene1.unity
  artifactKey: Guid(2cda990e2423bbf4892e6590ba056729) Importer(815301076,1909f56bfc062723c751e8b465ee728b)
Start importing Assets/Scenes/Scene1.unity using Guid(2cda990e2423bbf4892e6590ba056729) Importer(815301076,1909f56bfc062723c751e8b465ee728b)  -> (artifact id: '7f5120039e806af32c24703bff9b98b2') in 0.013431 seconds
  Import took 0.016770 seconds .

========================================================================
Received Import Request.
  Time since last request: 33.292009 seconds.
  path: Assets/script/Player1Shoot.cs
  artifactKey: Guid(6eb2c16e522119747be2a2c957428bdb) Importer(815301076,1909f56bfc062723c751e8b465ee728b)
Start importing Assets/script/Player1Shoot.cs using Guid(6eb2c16e522119747be2a2c957428bdb) Importer(815301076,1909f56bfc062723c751e8b465ee728b)  -> (artifact id: '9b83eff99054646ab2f26d676aa4682d') in 0.038334 seconds
  Import took 0.043879 seconds .

========================================================================
Received Prepare
Registering precompiled user dll's ...
Registered in 0.005905 seconds.
Begin MonoManager ReloadAssembly
Native extension for WindowsStandalone target not found
Refreshing native plugins compatible for Editor in 0.46 ms, found 3 plugins.
Preloading 0 native plugins for Editor in 0.00 ms.
Mono: successfully reloaded assembly
- Completed reload, in  1.176 seconds
Platform modules already initialized, skipping
Refreshing native plugins compatible for Editor in 0.54 ms, found 3 plugins.
Preloading 0 native plugins for Editor in 0.00 ms.
Unloading 2076 Unused Serialized files (Serialized files now loaded: 0)
System memory in use before: 94.8 MB.
System memory in use after: 95.0 MB.

Unloading 16 unused Assets to reduce memory usage. Loaded Objects now: 2529.
Total: 2.265300 ms (FindLiveObjects: 0.193600 ms CreateObjectMapping: 0.094100 ms MarkObjects: 1.959100 ms  DeleteObjects: 0.017100 ms)

========================================================================
Received Prepare
Registering precompiled user dll's ...
Registered in 0.006335 seconds.
Begin MonoManager ReloadAssembly
Native extension for WindowsStandalone target not found
Refreshing native plugins compatible for Editor in 0.46 ms, found 3 plugins.
Preloading 0 native plugins for Editor in 0.00 ms.
Mono: successfully reloaded assembly
- Completed reload, in  1.161 seconds
Platform modules already initialized, skipping
Refreshing native plugins compatible for Editor in 0.45 ms, found 3 plugins.
Preloading 0 native plugins for Editor in 0.00 ms.
Unloading 2076 Unused Serialized files (Serialized files now loaded: 0)
System memory in use before: 94.9 MB.
System memory in use after: 95.0 MB.

Unloading 16 unused Assets to reduce memory usage. Loaded Objects now: 2533.
Total: 2.290600 ms (FindLiveObjects: 0.199900 ms CreateObjectMapping: 0.093900 ms MarkObjects: 1.979300 ms  DeleteObjects: 0.016500 ms)

========================================================================
Received Prepare
Registering precompiled user dll's ...
Registered in 0.006084 seconds.
Begin MonoManager ReloadAssembly
Native extension for WindowsStandalone target not found
Refreshing native plugins compatible for Editor in 0.46 ms, found 3 plugins.
Preloading 0 native plugins for Editor in 0.00 ms.
Mono: successfully reloaded assembly
- Completed reload, in  1.179 seconds
Platform modules already initialized, skipping
Refreshing native plugins compatible for Editor in 0.46 ms, found 3 plugins.
Preloading 0 native plugins for Editor in 0.00 ms.
Unloading 2076 Unused Serialized files (Serialized files now loaded: 0)
System memory in use before: 94.9 MB.
System memory in use after: 95.0 MB.

Unloading 16 unused Assets to reduce memory usage. Loaded Objects now: 2537.
Total: 2.479300 ms (FindLiveObjects: 0.205200 ms CreateObjectMapping: 0.087500 ms MarkObjects: 2.168600 ms  DeleteObjects: 0.017000 ms)

========================================================================
Received Import Request.
  Time since last request: 367.969793 seconds.
  path: ProjectSettings/TagManager.asset
  artifactKey: Guid(00000000000000003000000000000000) Importer(815301076,1909f56bfc062723c751e8b465ee728b)
Start importing ProjectSettings/TagManager.asset using Guid(00000000000000003000000000000000) Importer(815301076,1909f56bfc062723c751e8b465ee728b)  -> (artifact id: 'c646d05472c8523e8250156dc95fa8bf') in 0.016160 seconds
  Import took 0.020064 seconds .

========================================================================
Received Prepare
Registering precompiled user dll's ...
Registered in 0.005858 seconds.
Begin MonoManager ReloadAssembly
Native extension for WindowsStandalone target not found
Refreshing native plugins compatible for Editor in 0.47 ms, found 3 plugins.
Preloading 0 native plugins for Editor in 0.00 ms.
Mono: successfully reloaded assembly
- Completed reload, in  1.192 seconds
Platform modules already initialized, skipping
Refreshing native plugins compatible for Editor in 0.46 ms, found 3 plugins.
Preloading 0 native plugins for Editor in 0.00 ms.
Unloading 2076 Unused Serialized files (Serialized files now loaded: 0)
System memory in use before: 94.9 MB.
System memory in use after: 95.1 MB.

Unloading 17 unused Assets to reduce memory usage. Loaded Objects now: 2541.
Total: 2.498700 ms (FindLiveObjects: 0.207000 ms CreateObjectMapping: 0.085400 ms MarkObjects: 2.186600 ms  DeleteObjects: 0.018800 ms)

========================================================================
Received Import Request.
  Time since last request: 81.323629 seconds.
  path: Assets/script/fangyu1.cs
  artifactKey: Guid(036f4b57feaf80640b5705c315aaf320) Importer(815301076,1909f56bfc062723c751e8b465ee728b)
Start importing Assets/script/fangyu1.cs using Guid(036f4b57feaf80640b5705c315aaf320) Importer(815301076,1909f56bfc062723c751e8b465ee728b)  -> (artifact id: 'cf58467635f86cf82b85a5f6f9a90f39') in 0.006792 seconds
  Import took 0.011200 seconds .

========================================================================
Received Prepare
Registering precompiled user dll's ...
Registered in 0.006196 seconds.
Begin MonoManager ReloadAssembly
Native extension for WindowsStandalone target not found
Refreshing native plugins compatible for Editor in 0.54 ms, found 3 plugins.
Preloading 0 native plugins for Editor in 0.00 ms.
Mono: successfully reloaded assembly
- Completed reload, in  1.214 seconds
Platform modules already initialized, skipping
Refreshing native plugins compatible for Editor in 0.75 ms, found 3 plugins.
Preloading 0 native plugins for Editor in 0.00 ms.
Unloading 2077 Unused Serialized files (Serialized files now loaded: 0)
System memory in use before: 95.0 MB.
System memory in use after: 95.1 MB.

Unloading 16 unused Assets to reduce memory usage. Loaded Objects now: 2546.
Total: 2.577800 ms (FindLiveObjects: 0.215500 ms CreateObjectMapping: 0.092500 ms MarkObjects: 2.251400 ms  DeleteObjects: 0.017500 ms)

========================================================================
Received Import Request.
  Time since last request: 269.776831 seconds.
  path: Assets/script/zidan.cs
  artifactKey: Guid(19e29ba3d6fd6574fbfee2a15be3db50) Importer(815301076,1909f56bfc062723c751e8b465ee728b)
Start importing Assets/script/zidan.cs using Guid(19e29ba3d6fd6574fbfee2a15be3db50) Importer(815301076,1909f56bfc062723c751e8b465ee728b)  -> (artifact id: '4401aaca2cd7a718a48f37142ccadde8') in 0.008914 seconds
  Import took 0.022076 seconds .

========================================================================
Received Prepare
Registering precompiled user dll's ...
Registered in 0.008867 seconds.
Begin MonoManager ReloadAssembly
Native extension for WindowsStandalone target not found
Refreshing native plugins compatible for Editor in 0.46 ms, found 3 plugins.
Preloading 0 native plugins for Editor in 0.00 ms.
Mono: successfully reloaded assembly
- Completed reload, in  1.170 seconds
Platform modules already initialized, skipping
Refreshing native plugins compatible for Editor in 0.47 ms, found 3 plugins.
Preloading 0 native plugins for Editor in 0.00 ms.
Unloading 2077 Unused Serialized files (Serialized files now loaded: 0)
System memory in use before: 95.0 MB.
System memory in use after: 95.1 MB.

Unloading 16 unused Assets to reduce memory usage. Loaded Objects now: 2550.
Total: 2.231100 ms (FindLiveObjects: 0.174700 ms CreateObjectMapping: 0.080500 ms MarkObjects: 1.957200 ms  DeleteObjects: 0.017800 ms)

========================================================================
Received Prepare
Registering precompiled user dll's ...
Registered in 0.005829 seconds.
Begin MonoManager ReloadAssembly
Native extension for WindowsStandalone target not found
Refreshing native plugins compatible for Editor in 0.45 ms, found 3 plugins.
Preloading 0 native plugins for Editor in 0.00 ms.
Mono: successfully reloaded assembly
- Completed reload, in  1.155 seconds
Platform modules already initialized, skipping
Refreshing native plugins compatible for Editor in 0.43 ms, found 3 plugins.
Preloading 0 native plugins for Editor in 0.00 ms.
Unloading 2077 Unused Serialized files (Serialized files now loaded: 0)
System memory in use before: 95.0 MB.
System memory in use after: 95.1 MB.

Unloading 16 unused Assets to reduce memory usage. Loaded Objects now: 2554.
Total: 2.417400 ms (FindLiveObjects: 0.200900 ms CreateObjectMapping: 0.084500 ms MarkObjects: 2.113700 ms  DeleteObjects: 0.017100 ms)

========================================================================
Received Prepare
Registering precompiled user dll's ...
Registered in 0.006331 seconds.
Begin MonoManager ReloadAssembly
Native extension for WindowsStandalone target not found
Refreshing native plugins compatible for Editor in 0.47 ms, found 3 plugins.
Preloading 0 native plugins for Editor in 0.00 ms.
Mono: successfully reloaded assembly
- Completed reload, in  1.195 seconds
Platform modules already initialized, skipping
Refreshing native plugins compatible for Editor in 0.46 ms, found 3 plugins.
Preloading 0 native plugins for Editor in 0.00 ms.
Unloading 2077 Unused Serialized files (Serialized files now loaded: 0)
System memory in use before: 95.0 MB.
System memory in use after: 95.1 MB.

Unloading 16 unused Assets to reduce memory usage. Loaded Objects now: 2558.
Total: 2.535600 ms (FindLiveObjects: 0.229400 ms CreateObjectMapping: 0.095100 ms MarkObjects: 2.191700 ms  DeleteObjects: 0.018500 ms)

========================================================================
Received Import Request.
  Time since last request: 119.516405 seconds.
  path: Assets/prefab/zidan2.prefab
  artifactKey: Guid(6a82e82a773587d4596b897dad50b396) Importer(815301076,1909f56bfc062723c751e8b465ee728b)
Start importing Assets/prefab/zidan2.prefab using Guid(6a82e82a773587d4596b897dad50b396) Importer(815301076,1909f56bfc062723c751e8b465ee728b)  -> (artifact id: 'e81bc0992e3c1b97aaf3a56882ae72f9') in 0.091664 seconds
  Import took 0.095653 seconds .

========================================================================
Received Prepare
Registering precompiled user dll's ...
Registered in 0.006656 seconds.
Begin MonoManager ReloadAssembly
Native extension for WindowsStandalone target not found
Refreshing native plugins compatible for Editor in 0.46 ms, found 3 plugins.
Preloading 0 native plugins for Editor in 0.00 ms.
Mono: successfully reloaded assembly
- Completed reload, in  1.184 seconds
Platform modules already initialized, skipping
Refreshing native plugins compatible for Editor in 0.51 ms, found 3 plugins.
Preloading 0 native plugins for Editor in 0.00 ms.
Unloading 2077 Unused Serialized files (Serialized files now loaded: 0)
System memory in use before: 98.0 MB.
System memory in use after: 98.1 MB.

Unloading 16 unused Assets to reduce memory usage. Loaded Objects now: 2569.
Total: 2.460100 ms (FindLiveObjects: 0.210900 ms CreateObjectMapping: 0.088000 ms MarkObjects: 2.142900 ms  DeleteObjects: 0.017100 ms)

========================================================================
Received Prepare
Registering precompiled user dll's ...
Registered in 0.006121 seconds.
Begin MonoManager ReloadAssembly
Native extension for WindowsStandalone target not found
Refreshing native plugins compatible for Editor in 0.47 ms, found 3 plugins.
Preloading 0 native plugins for Editor in 0.00 ms.
Mono: successfully reloaded assembly
- Completed reload, in  1.247 seconds
Platform modules already initialized, skipping
Refreshing native plugins compatible for Editor in 0.46 ms, found 3 plugins.
Preloading 0 native plugins for Editor in 0.00 ms.
Unloading 2077 Unused Serialized files (Serialized files now loaded: 0)
System memory in use before: 98.0 MB.
System memory in use after: 98.1 MB.

Unloading 16 unused Assets to reduce memory usage. Loaded Objects now: 2573.
Total: 2.235100 ms (FindLiveObjects: 0.190800 ms CreateObjectMapping: 0.088500 ms MarkObjects: 1.937600 ms  DeleteObjects: 0.017300 ms)

========================================================================
Received Import Request.
  Time since last request: 70.061183 seconds.
  path: Assets/script/fangyu1.cs
  artifactKey: Guid(036f4b57feaf80640b5705c315aaf320) Importer(815301076,1909f56bfc062723c751e8b465ee728b)
Start importing Assets/script/fangyu1.cs using Guid(036f4b57feaf80640b5705c315aaf320) Importer(815301076,1909f56bfc062723c751e8b465ee728b)  -> (artifact id: '063402a2bc8174995e775d66fc7fa95a') in 0.006766 seconds
  Import took 0.010336 seconds .

========================================================================
Received Prepare
Registering precompiled user dll's ...
Registered in 0.006375 seconds.
Begin MonoManager ReloadAssembly
Native extension for WindowsStandalone target not found
Refreshing native plugins compatible for Editor in 0.47 ms, found 3 plugins.
Preloading 0 native plugins for Editor in 0.00 ms.
Mono: successfully reloaded assembly
- Completed reload, in  1.148 seconds
Platform modules already initialized, skipping
Refreshing native plugins compatible for Editor in 0.47 ms, found 3 plugins.
Preloading 0 native plugins for Editor in 0.00 ms.
Unloading 2077 Unused Serialized files (Serialized files now loaded: 0)
System memory in use before: 98.0 MB.
System memory in use after: 98.1 MB.

Unloading 16 unused Assets to reduce memory usage. Loaded Objects now: 2577.
Total: 2.226600 ms (FindLiveObjects: 0.205200 ms CreateObjectMapping: 0.097400 ms MarkObjects: 1.890800 ms  DeleteObjects: 0.032000 ms)

========================================================================
Received Prepare
Registering precompiled user dll's ...
Registered in 0.007238 seconds.
Begin MonoManager ReloadAssembly
Native extension for WindowsStandalone target not found
Refreshing native plugins compatible for Editor in 0.46 ms, found 3 plugins.
Preloading 0 native plugins for Editor in 0.00 ms.
Mono: successfully reloaded assembly
- Completed reload, in  1.147 seconds
Platform modules already initialized, skipping
Refreshing native plugins compatible for Editor in 0.94 ms, found 3 plugins.
Preloading 0 native plugins for Editor in 0.00 ms.
Unloading 2077 Unused Serialized files (Serialized files now loaded: 0)
System memory in use before: 98.0 MB.
System memory in use after: 98.1 MB.

Unloading 16 unused Assets to reduce memory usage. Loaded Objects now: 2581.
Total: 2.487400 ms (FindLiveObjects: 0.234400 ms CreateObjectMapping: 0.102700 ms MarkObjects: 2.128700 ms  DeleteObjects: 0.020300 ms)

========================================================================
Received Prepare
Registering precompiled user dll's ...
Registered in 0.005990 seconds.
Begin MonoManager ReloadAssembly
Native extension for WindowsStandalone target not found
Refreshing native plugins compatible for Editor in 0.46 ms, found 3 plugins.
Preloading 0 native plugins for Editor in 0.00 ms.
Mono: successfully reloaded assembly
- Completed reload, in  1.150 seconds
Platform modules already initialized, skipping
Refreshing native plugins compatible for Editor in 0.46 ms, found 3 plugins.
Preloading 0 native plugins for Editor in 0.00 ms.
Unloading 2077 Unused Serialized files (Serialized files now loaded: 0)
System memory in use before: 98.0 MB.
System memory in use after: 98.1 MB.

Unloading 16 unused Assets to reduce memory usage. Loaded Objects now: 2585.
Total: 2.229900 ms (FindLiveObjects: 0.190100 ms CreateObjectMapping: 0.090300 ms MarkObjects: 1.931700 ms  DeleteObjects: 0.016600 ms)

========================================================================
Received Prepare
Registering precompiled user dll's ...
Registered in 0.005981 seconds.
Begin MonoManager ReloadAssembly
Native extension for WindowsStandalone target not found
Refreshing native plugins compatible for Editor in 0.46 ms, found 3 plugins.
Preloading 0 native plugins for Editor in 0.00 ms.
Mono: successfully reloaded assembly
- Completed reload, in  1.131 seconds
Platform modules already initialized, skipping
Refreshing native plugins compatible for Editor in 0.46 ms, found 3 plugins.
Preloading 0 native plugins for Editor in 0.00 ms.
Unloading 2077 Unused Serialized files (Serialized files now loaded: 0)
System memory in use before: 98.0 MB.
System memory in use after: 98.1 MB.

Unloading 16 unused Assets to reduce memory usage. Loaded Objects now: 2589.
Total: 2.675100 ms (FindLiveObjects: 0.223300 ms CreateObjectMapping: 0.094100 ms MarkObjects: 2.337900 ms  DeleteObjects: 0.018900 ms)

========================================================================
Received Prepare
Registering precompiled user dll's ...
Registered in 0.006019 seconds.
Begin MonoManager ReloadAssembly
Native extension for WindowsStandalone target not found
Refreshing native plugins compatible for Editor in 0.47 ms, found 3 plugins.
Preloading 0 native plugins for Editor in 0.00 ms.
Mono: successfully reloaded assembly
- Completed reload, in  1.157 seconds
Platform modules already initialized, skipping
Refreshing native plugins compatible for Editor in 0.47 ms, found 3 plugins.
Preloading 0 native plugins for Editor in 0.00 ms.
Unloading 2077 Unused Serialized files (Serialized files now loaded: 0)
System memory in use before: 98.0 MB.
System memory in use after: 98.1 MB.

Unloading 16 unused Assets to reduce memory usage. Loaded Objects now: 2593.
Total: 2.269000 ms (FindLiveObjects: 0.200300 ms CreateObjectMapping: 0.100800 ms MarkObjects: 1.949100 ms  DeleteObjects: 0.017600 ms)

========================================================================
Received Prepare
Registering precompiled user dll's ...
Registered in 0.006218 seconds.
Begin MonoManager ReloadAssembly
Native extension for WindowsStandalone target not found
Refreshing native plugins compatible for Editor in 0.47 ms, found 3 plugins.
Preloading 0 native plugins for Editor in 0.00 ms.
Mono: successfully reloaded assembly
- Completed reload, in  1.142 seconds
Platform modules already initialized, skipping
Refreshing native plugins compatible for Editor in 0.46 ms, found 3 plugins.
Preloading 0 native plugins for Editor in 0.00 ms.
Unloading 2077 Unused Serialized files (Serialized files now loaded: 0)
System memory in use before: 98.0 MB.
System memory in use after: 98.2 MB.

Unloading 16 unused Assets to reduce memory usage. Loaded Objects now: 2597.
Total: 2.482100 ms (FindLiveObjects: 0.212200 ms CreateObjectMapping: 0.085200 ms MarkObjects: 2.166400 ms  DeleteObjects: 0.017400 ms)

========================================================================
Received Prepare
Registering precompiled user dll's ...
Registered in 0.006773 seconds.
Begin MonoManager ReloadAssembly
Native extension for WindowsStandalone target not found
Refreshing native plugins compatible for Editor in 0.46 ms, found 3 plugins.
Preloading 0 native plugins for Editor in 0.00 ms.
Mono: successfully reloaded assembly
- Completed reload, in  1.166 seconds
Platform modules already initialized, skipping
Refreshing native plugins compatible for Editor in 0.46 ms, found 3 plugins.
Preloading 0 native plugins for Editor in 0.00 ms.
Unloading 2077 Unused Serialized files (Serialized files now loaded: 0)
System memory in use before: 98.0 MB.
System memory in use after: 98.2 MB.

Unloading 16 unused Assets to reduce memory usage. Loaded Objects now: 2601.
Total: 2.416100 ms (FindLiveObjects: 0.215400 ms CreateObjectMapping: 0.092300 ms MarkObjects: 2.090000 ms  DeleteObjects: 0.017500 ms)

========================================================================
Received Prepare
Registering precompiled user dll's ...
Registered in 0.005900 seconds.
Begin MonoManager ReloadAssembly
Native extension for WindowsStandalone target not found
Refreshing native plugins compatible for Editor in 0.47 ms, found 3 plugins.
Preloading 0 native plugins for Editor in 0.00 ms.
Mono: successfully reloaded assembly
- Completed reload, in  1.156 seconds
Platform modules already initialized, skipping
Refreshing native plugins compatible for Editor in 0.42 ms, found 3 plugins.
Preloading 0 native plugins for Editor in 0.00 ms.
Unloading 2077 Unused Serialized files (Serialized files now loaded: 0)
System memory in use before: 98.1 MB.
System memory in use after: 98.2 MB.

Unloading 16 unused Assets to reduce memory usage. Loaded Objects now: 2605.
Total: 2.206000 ms (FindLiveObjects: 0.178900 ms CreateObjectMapping: 0.082300 ms MarkObjects: 1.927800 ms  DeleteObjects: 0.016200 ms)

========================================================================
Received Prepare
Registering precompiled user dll's ...
Registered in 0.005857 seconds.
Begin MonoManager ReloadAssembly
Native extension for WindowsStandalone target not found
Refreshing native plugins compatible for Editor in 0.53 ms, found 3 plugins.
Preloading 0 native plugins for Editor in 0.00 ms.
Mono: successfully reloaded assembly
- Completed reload, in  1.163 seconds
Platform modules already initialized, skipping
Refreshing native plugins compatible for Editor in 0.48 ms, found 3 plugins.
Preloading 0 native plugins for Editor in 0.00 ms.
Unloading 2077 Unused Serialized files (Serialized files now loaded: 0)
System memory in use before: 98.1 MB.
System memory in use after: 98.2 MB.

Unloading 16 unused Assets to reduce memory usage. Loaded Objects now: 2609.
Total: 2.753800 ms (FindLiveObjects: 0.228200 ms CreateObjectMapping: 0.088800 ms MarkObjects: 2.414100 ms  DeleteObjects: 0.021700 ms)

========================================================================
Received Prepare
Registering precompiled user dll's ...
Registered in 0.006038 seconds.
Begin MonoManager ReloadAssembly
Native extension for WindowsStandalone target not found
Refreshing native plugins compatible for Editor in 0.47 ms, found 3 plugins.
Preloading 0 native plugins for Editor in 0.00 ms.
Mono: successfully reloaded assembly
- Completed reload, in  1.176 seconds
Platform modules already initialized, skipping
Refreshing native plugins compatible for Editor in 0.47 ms, found 3 plugins.
Preloading 0 native plugins for Editor in 0.00 ms.
Unloading 2077 Unused Serialized files (Serialized files now loaded: 0)
System memory in use before: 98.1 MB.
System memory in use after: 98.2 MB.

Unloading 16 unused Assets to reduce memory usage. Loaded Objects now: 2613.
Total: 2.544800 ms (FindLiveObjects: 0.208700 ms CreateObjectMapping: 0.093700 ms MarkObjects: 2.221300 ms  DeleteObjects: 0.020000 ms)

========================================================================
Received Prepare
Registering precompiled user dll's ...
Registered in 0.005844 seconds.
Begin MonoManager ReloadAssembly
Native extension for WindowsStandalone target not found
Refreshing native plugins compatible for Editor in 0.46 ms, found 3 plugins.
Preloading 0 native plugins for Editor in 0.00 ms.
Mono: successfully reloaded assembly
- Completed reload, in  1.143 seconds
Platform modules already initialized, skipping
Refreshing native plugins compatible for Editor in 0.43 ms, found 3 plugins.
Preloading 0 native plugins for Editor in 0.00 ms.
Unloading 2077 Unused Serialized files (Serialized files now loaded: 0)
System memory in use before: 98.1 MB.
System memory in use after: 98.2 MB.

Unloading 16 unused Assets to reduce memory usage. Loaded Objects now: 2617.
Total: 2.509600 ms (FindLiveObjects: 0.221200 ms CreateObjectMapping: 0.096000 ms MarkObjects: 2.168200 ms  DeleteObjects: 0.022900 ms)

========================================================================
Received Prepare
Registering precompiled user dll's ...
Registered in 0.006044 seconds.
Begin MonoManager ReloadAssembly
Native extension for WindowsStandalone target not found
Refreshing native plugins compatible for Editor in 0.46 ms, found 3 plugins.
Preloading 0 native plugins for Editor in 0.00 ms.
Mono: successfully reloaded assembly
- Completed reload, in  1.161 seconds
Platform modules already initialized, skipping
Refreshing native plugins compatible for Editor in 0.45 ms, found 3 plugins.
Preloading 0 native plugins for Editor in 0.00 ms.
Unloading 2077 Unused Serialized files (Serialized files now loaded: 0)
System memory in use before: 98.1 MB.
System memory in use after: 98.2 MB.

Unloading 16 unused Assets to reduce memory usage. Loaded Objects now: 2621.
Total: 2.685200 ms (FindLiveObjects: 0.251900 ms CreateObjectMapping: 0.100700 ms MarkObjects: 2.310300 ms  DeleteObjects: 0.021100 ms)

========================================================================
Received Prepare
Registering precompiled user dll's ...
Registered in 0.005877 seconds.
Begin MonoManager ReloadAssembly
Native extension for WindowsStandalone target not found
Refreshing native plugins compatible for Editor in 0.46 ms, found 3 plugins.
Preloading 0 native plugins for Editor in 0.00 ms.
Mono: successfully reloaded assembly
- Completed reload, in  1.176 seconds
Platform modules already initialized, skipping
Refreshing native plugins compatible for Editor in 0.44 ms, found 3 plugins.
Preloading 0 native plugins for Editor in 0.00 ms.
Unloading 2077 Unused Serialized files (Serialized files now loaded: 0)
System memory in use before: 98.1 MB.
System memory in use after: 98.2 MB.

Unloading 16 unused Assets to reduce memory usage. Loaded Objects now: 2625.
Total: 2.236500 ms (FindLiveObjects: 0.193900 ms CreateObjectMapping: 0.090700 ms MarkObjects: 1.934400 ms  DeleteObjects: 0.016500 ms)

========================================================================
Received Prepare
Registering precompiled user dll's ...
Registered in 0.006053 seconds.
Begin MonoManager ReloadAssembly
Native extension for WindowsStandalone target not found
Refreshing native plugins compatible for Editor in 0.47 ms, found 3 plugins.
Preloading 0 native plugins for Editor in 0.00 ms.
Mono: successfully reloaded assembly
- Completed reload, in  1.217 seconds
Platform modules already initialized, skipping
Refreshing native plugins compatible for Editor in 0.48 ms, found 3 plugins.
Preloading 0 native plugins for Editor in 0.00 ms.
Unloading 2077 Unused Serialized files (Serialized files now loaded: 0)
System memory in use before: 98.1 MB.
System memory in use after: 98.2 MB.

Unloading 16 unused Assets to reduce memory usage. Loaded Objects now: 2629.
Total: 2.458100 ms (FindLiveObjects: 0.227300 ms CreateObjectMapping: 0.091600 ms MarkObjects: 2.120100 ms  DeleteObjects: 0.018300 ms)

========================================================================
Received Prepare
Registering precompiled user dll's ...
Registered in 0.005904 seconds.
Begin MonoManager ReloadAssembly
Native extension for WindowsStandalone target not found
Refreshing native plugins compatible for Editor in 0.47 ms, found 3 plugins.
Preloading 0 native plugins for Editor in 0.00 ms.
Mono: successfully reloaded assembly
- Completed reload, in  1.177 seconds
Platform modules already initialized, skipping
Refreshing native plugins compatible for Editor in 0.46 ms, found 3 plugins.
Preloading 0 native plugins for Editor in 0.00 ms.
Unloading 2077 Unused Serialized files (Serialized files now loaded: 0)
System memory in use before: 98.1 MB.
System memory in use after: 98.2 MB.

Unloading 16 unused Assets to reduce memory usage. Loaded Objects now: 2633.
Total: 2.326200 ms (FindLiveObjects: 0.195400 ms CreateObjectMapping: 0.105100 ms MarkObjects: 2.007900 ms  DeleteObjects: 0.017000 ms)

========================================================================
Received Prepare
Registering precompiled user dll's ...
Registered in 0.005979 seconds.
Begin MonoManager ReloadAssembly
Native extension for WindowsStandalone target not found
Refreshing native plugins compatible for Editor in 0.47 ms, found 3 plugins.
Preloading 0 native plugins for Editor in 0.00 ms.
Mono: successfully reloaded assembly
- Completed reload, in  1.160 seconds
Platform modules already initialized, skipping
Refreshing native plugins compatible for Editor in 0.47 ms, found 3 plugins.
Preloading 0 native plugins for Editor in 0.00 ms.
Unloading 2077 Unused Serialized files (Serialized files now loaded: 0)
System memory in use before: 98.1 MB.
System memory in use after: 98.2 MB.

Unloading 16 unused Assets to reduce memory usage. Loaded Objects now: 2637.
Total: 2.332700 ms (FindLiveObjects: 0.211400 ms CreateObjectMapping: 0.099900 ms MarkObjects: 2.003200 ms  DeleteObjects: 0.017300 ms)

========================================================================
Received Prepare
Registering precompiled user dll's ...
Registered in 0.005978 seconds.
Begin MonoManager ReloadAssembly
Native extension for WindowsStandalone target not found
Refreshing native plugins compatible for Editor in 0.47 ms, found 3 plugins.
Preloading 0 native plugins for Editor in 0.00 ms.
Mono: successfully reloaded assembly
- Completed reload, in  1.141 seconds
Platform modules already initialized, skipping
Refreshing native plugins compatible for Editor in 0.46 ms, found 3 plugins.
Preloading 0 native plugins for Editor in 0.00 ms.
Unloading 2077 Unused Serialized files (Serialized files now loaded: 0)
System memory in use before: 98.1 MB.
System memory in use after: 98.3 MB.

Unloading 16 unused Assets to reduce memory usage. Loaded Objects now: 2641.
Total: 2.302100 ms (FindLiveObjects: 0.193900 ms CreateObjectMapping: 0.096800 ms MarkObjects: 1.993600 ms  DeleteObjects: 0.016800 ms)

========================================================================
Received Prepare
Registering precompiled user dll's ...
Registered in 0.005898 seconds.
Begin MonoManager ReloadAssembly
Native extension for WindowsStandalone target not found
Refreshing native plugins compatible for Editor in 0.46 ms, found 3 plugins.
Preloading 0 native plugins for Editor in 0.00 ms.
Mono: successfully reloaded assembly
- Completed reload, in  1.139 seconds
Platform modules already initialized, skipping
Refreshing native plugins compatible for Editor in 0.52 ms, found 3 plugins.
Preloading 0 native plugins for Editor in 0.00 ms.
Unloading 2077 Unused Serialized files (Serialized files now loaded: 0)
System memory in use before: 98.1 MB.
System memory in use after: 98.3 MB.

Unloading 16 unused Assets to reduce memory usage. Loaded Objects now: 2645.
Total: 2.901300 ms (FindLiveObjects: 0.243000 ms CreateObjectMapping: 0.102200 ms MarkObjects: 2.534300 ms  DeleteObjects: 0.020700 ms)

========================================================================
Received Import Request.
  Time since last request: 1160.246112 seconds.
  path: Assets/script/fangyu2.cs
  artifactKey: Guid(0c365ba08e0e19042985aa7cbcee529e) Importer(815301076,1909f56bfc062723c751e8b465ee728b)
Start importing Assets/script/fangyu2.cs using Guid(0c365ba08e0e19042985aa7cbcee529e) Importer(815301076,1909f56bfc062723c751e8b465ee728b)  -> (artifact id: '2caae697b6456e5aaeff3a83e322641a') in 0.007801 seconds
  Import took 0.012294 seconds .

========================================================================
Received Prepare
Registering precompiled user dll's ...
Registered in 0.009621 seconds.
Begin MonoManager ReloadAssembly
Native extension for WindowsStandalone target not found
Refreshing native plugins compatible for Editor in 0.46 ms, found 3 plugins.
Preloading 0 native plugins for Editor in 0.00 ms.
Mono: successfully reloaded assembly
- Completed reload, in  1.182 seconds
Platform modules already initialized, skipping
Refreshing native plugins compatible for Editor in 0.45 ms, found 3 plugins.
Preloading 0 native plugins for Editor in 0.00 ms.
Unloading 2078 Unused Serialized files (Serialized files now loaded: 0)
System memory in use before: 98.2 MB.
System memory in use after: 98.3 MB.

Unloading 16 unused Assets to reduce memory usage. Loaded Objects now: 2650.
Total: 2.486200 ms (FindLiveObjects: 0.218200 ms CreateObjectMapping: 0.092800 ms MarkObjects: 2.156900 ms  DeleteObjects: 0.017200 ms)

========================================================================
Received Prepare
Registering precompiled user dll's ...
Registered in 0.006018 seconds.
Begin MonoManager ReloadAssembly
Native extension for WindowsStandalone target not found
Refreshing native plugins compatible for Editor in 0.46 ms, found 3 plugins.
Preloading 0 native plugins for Editor in 0.00 ms.
Mono: successfully reloaded assembly
- Completed reload, in  1.156 seconds
Platform modules already initialized, skipping
Refreshing native plugins compatible for Editor in 0.50 ms, found 3 plugins.
Preloading 0 native plugins for Editor in 0.00 ms.
Unloading 2078 Unused Serialized files (Serialized files now loaded: 0)
System memory in use before: 98.2 MB.
System memory in use after: 98.3 MB.

Unloading 16 unused Assets to reduce memory usage. Loaded Objects now: 2654.
Total: 2.478300 ms (FindLiveObjects: 0.218800 ms CreateObjectMapping: 0.104900 ms MarkObjects: 2.132300 ms  DeleteObjects: 0.021100 ms)

========================================================================
Received Import Request.
  Time since last request: 144.820130 seconds.
  path: Assets/script/fangyu2.cs
  artifactKey: Guid(0c365ba08e0e19042985aa7cbcee529e) Importer(815301076,1909f56bfc062723c751e8b465ee728b)
Start importing Assets/script/fangyu2.cs using Guid(0c365ba08e0e19042985aa7cbcee529e) Importer(815301076,1909f56bfc062723c751e8b465ee728b)  -> (artifact id: '5db7315a4ad57e7fd8c14c9c3834d5e0') in 0.006169 seconds
  Import took 0.010738 seconds .

========================================================================
Received Prepare
Registering precompiled user dll's ...
Registered in 0.006167 seconds.
Begin MonoManager ReloadAssembly
Native extension for WindowsStandalone target not found
Refreshing native plugins compatible for Editor in 0.46 ms, found 3 plugins.
Preloading 0 native plugins for Editor in 0.00 ms.
Mono: successfully reloaded assembly
- Completed reload, in  1.122 seconds
Platform modules already initialized, skipping
Refreshing native plugins compatible for Editor in 0.43 ms, found 3 plugins.
Preloading 0 native plugins for Editor in 0.00 ms.
Unloading 2078 Unused Serialized files (Serialized files now loaded: 0)
System memory in use before: 98.2 MB.
System memory in use after: 98.3 MB.

Unloading 16 unused Assets to reduce memory usage. Loaded Objects now: 2658.
Total: 2.208800 ms (FindLiveObjects: 0.187400 ms CreateObjectMapping: 0.085200 ms MarkObjects: 1.919700 ms  DeleteObjects: 0.015700 ms)

========================================================================
Received Prepare
Registering precompiled user dll's ...
Registered in 0.006100 seconds.
Begin MonoManager ReloadAssembly
Native extension for WindowsStandalone target not found
Refreshing native plugins compatible for Editor in 0.46 ms, found 3 plugins.
Preloading 0 native plugins for Editor in 0.00 ms.
Mono: successfully reloaded assembly
- Completed reload, in  1.178 seconds
Platform modules already initialized, skipping
Refreshing native plugins compatible for Editor in 0.43 ms, found 3 plugins.
Preloading 0 native plugins for Editor in 0.00 ms.
Unloading 2078 Unused Serialized files (Serialized files now loaded: 0)
System memory in use before: 98.2 MB.
System memory in use after: 98.3 MB.

Unloading 16 unused Assets to reduce memory usage. Loaded Objects now: 2662.
Total: 2.473400 ms (FindLiveObjects: 0.210300 ms CreateObjectMapping: 0.082300 ms MarkObjects: 2.163000 ms  DeleteObjects: 0.017000 ms)

========================================================================
Received Prepare
Registering precompiled user dll's ...
Registered in 0.006410 seconds.
Begin MonoManager ReloadAssembly
Native extension for WindowsStandalone target not found
Refreshing native plugins compatible for Editor in 0.46 ms, found 3 plugins.
Preloading 0 native plugins for Editor in 0.00 ms.
Mono: successfully reloaded assembly
- Completed reload, in  1.197 seconds
Platform modules already initialized, skipping
Refreshing native plugins compatible for Editor in 0.45 ms, found 3 plugins.
Preloading 0 native plugins for Editor in 0.00 ms.
Unloading 2078 Unused Serialized files (Serialized files now loaded: 0)
System memory in use before: 98.2 MB.
System memory in use after: 98.3 MB.

Unloading 16 unused Assets to reduce memory usage. Loaded Objects now: 2666.
Total: 2.254700 ms (FindLiveObjects: 0.208000 ms CreateObjectMapping: 0.095700 ms MarkObjects: 1.932800 ms  DeleteObjects: 0.017300 ms)

========================================================================
Received Prepare
Registering precompiled user dll's ...
Registered in 0.006105 seconds.
Begin MonoManager ReloadAssembly
Native extension for WindowsStandalone target not found
Refreshing native plugins compatible for Editor in 0.46 ms, found 3 plugins.
Preloading 0 native plugins for Editor in 0.00 ms.
Mono: successfully reloaded assembly
- Completed reload, in  1.132 seconds
Platform modules already initialized, skipping
Refreshing native plugins compatible for Editor in 0.41 ms, found 3 plugins.
Preloading 0 native plugins for Editor in 0.00 ms.
Unloading 2078 Unused Serialized files (Serialized files now loaded: 0)
System memory in use before: 98.2 MB.
System memory in use after: 98.4 MB.

Unloading 16 unused Assets to reduce memory usage. Loaded Objects now: 2670.
Total: 2.241300 ms (FindLiveObjects: 0.194500 ms CreateObjectMapping: 0.093000 ms MarkObjects: 1.935200 ms  DeleteObjects: 0.017800 ms)

========================================================================
Received Prepare
Registering precompiled user dll's ...
Registered in 0.006254 seconds.
Begin MonoManager ReloadAssembly
Native extension for WindowsStandalone target not found
Refreshing native plugins compatible for Editor in 0.49 ms, found 3 plugins.
Preloading 0 native plugins for Editor in 0.00 ms.
Mono: successfully reloaded assembly
- Completed reload, in  1.149 seconds
Platform modules already initialized, skipping
Refreshing native plugins compatible for Editor in 0.43 ms, found 3 plugins.
Preloading 0 native plugins for Editor in 0.00 ms.
Unloading 2078 Unused Serialized files (Serialized files now loaded: 0)
System memory in use before: 98.2 MB.
System memory in use after: 98.4 MB.

Unloading 16 unused Assets to reduce memory usage. Loaded Objects now: 2674.
Total: 2.228900 ms (FindLiveObjects: 0.181100 ms CreateObjectMapping: 0.083000 ms MarkObjects: 1.948800 ms  DeleteObjects: 0.015100 ms)

========================================================================
Received Prepare
Registering precompiled user dll's ...
Registered in 0.005870 seconds.
Begin MonoManager ReloadAssembly
Native extension for WindowsStandalone target not found
Refreshing native plugins compatible for Editor in 0.56 ms, found 3 plugins.
Preloading 0 native plugins for Editor in 0.00 ms.
Mono: successfully reloaded assembly
- Completed reload, in  1.330 seconds
Platform modules already initialized, skipping
Refreshing native plugins compatible for Editor in 0.44 ms, found 3 plugins.
Preloading 0 native plugins for Editor in 0.00 ms.
Unloading 2078 Unused Serialized files (Serialized files now loaded: 0)
System memory in use before: 98.2 MB.
System memory in use after: 98.4 MB.

Unloading 16 unused Assets to reduce memory usage. Loaded Objects now: 2678.
Total: 2.499000 ms (FindLiveObjects: 0.215700 ms CreateObjectMapping: 0.089900 ms MarkObjects: 2.175500 ms  DeleteObjects: 0.016800 ms)

========================================================================
Received Import Request.
  Time since last request: 678.792555 seconds.
  path: Assets/sprite/instruction.png
  artifactKey: Guid(2efb015777c200a4993783bbef08eae8) Importer(815301076,1909f56bfc062723c751e8b465ee728b)
Start importing Assets/sprite/instruction.png using Guid(2efb015777c200a4993783bbef08eae8) Importer(815301076,1909f56bfc062723c751e8b465ee728b)  -> (artifact id: '876b51a880faa7057e5f73384de3a304') in 0.073728 seconds
  Import took 0.078383 seconds .

========================================================================
Received Prepare
Registering precompiled user dll's ...
Registered in 0.006000 seconds.
Begin MonoManager ReloadAssembly
Native extension for WindowsStandalone target not found
Refreshing native plugins compatible for Editor in 0.45 ms, found 3 plugins.
Preloading 0 native plugins for Editor in 0.00 ms.
Mono: successfully reloaded assembly
- Completed reload, in  1.132 seconds
Platform modules already initialized, skipping
Refreshing native plugins compatible for Editor in 0.46 ms, found 3 plugins.
Preloading 0 native plugins for Editor in 0.00 ms.
Unloading 2078 Unused Serialized files (Serialized files now loaded: 0)
System memory in use before: 98.3 MB.
System memory in use after: 98.4 MB.

Unloading 16 unused Assets to reduce memory usage. Loaded Objects now: 2686.
Total: 2.287000 ms (FindLiveObjects: 0.203900 ms CreateObjectMapping: 0.093600 ms MarkObjects: 1.971300 ms  DeleteObjects: 0.017200 ms)

========================================================================
Received Prepare
Registering precompiled user dll's ...
Registered in 0.006039 seconds.
Begin MonoManager ReloadAssembly
Native extension for WindowsStandalone target not found
Refreshing native plugins compatible for Editor in 0.47 ms, found 3 plugins.
Preloading 0 native plugins for Editor in 0.00 ms.
Mono: successfully reloaded assembly
- Completed reload, in  1.149 seconds
Platform modules already initialized, skipping
Refreshing native plugins compatible for Editor in 0.45 ms, found 3 plugins.
Preloading 0 native plugins for Editor in 0.00 ms.
Unloading 2078 Unused Serialized files (Serialized files now loaded: 0)
System memory in use before: 98.3 MB.
System memory in use after: 98.4 MB.

Unloading 16 unused Assets to reduce memory usage. Loaded Objects now: 2690.
Total: 2.299500 ms (FindLiveObjects: 0.211800 ms CreateObjectMapping: 0.095600 ms MarkObjects: 1.972500 ms  DeleteObjects: 0.018400 ms)

========================================================================
Received Import Request.
  Time since last request: 114.551550 seconds.
  path: Assets/script/fangyu1.cs
  artifactKey: Guid(036f4b57feaf80640b5705c315aaf320) Importer(815301076,1909f56bfc062723c751e8b465ee728b)
Start importing Assets/script/fangyu1.cs using Guid(036f4b57feaf80640b5705c315aaf320) Importer(815301076,1909f56bfc062723c751e8b465ee728b)  -> (artifact id: 'decf8c2d7ad9bd396154b11f15f60896') in 0.005003 seconds
  Import took 0.008480 seconds .

========================================================================
Received Import Request.
  Time since last request: 0.034922 seconds.
  path: Assets/script/fangyu1.cs
  artifactKey: Guid(036f4b57feaf80640b5705c315aaf320) Importer(815301076,1909f56bfc062723c751e8b465ee728b)
Start importing Assets/script/fangyu1.cs using Guid(036f4b57feaf80640b5705c315aaf320) Importer(815301076,1909f56bfc062723c751e8b465ee728b)  -> (artifact id: 'decf8c2d7ad9bd396154b11f15f60896') in 0.002433 seconds
  Import took 0.005854 seconds .

========================================================================
Received Prepare
Registering precompiled user dll's ...
Registered in 0.006060 seconds.
Begin MonoManager ReloadAssembly
Native extension for WindowsStandalone target not found
Refreshing native plugins compatible for Editor in 0.50 ms, found 3 plugins.
Preloading 0 native plugins for Editor in 0.00 ms.
Mono: successfully reloaded assembly
- Completed reload, in  1.653 seconds
Platform modules already initialized, skipping
Refreshing native plugins compatible for Editor in 0.53 ms, found 3 plugins.
Preloading 0 native plugins for Editor in 0.00 ms.
Unloading 2078 Unused Serialized files (Serialized files now loaded: 0)
System memory in use before: 98.3 MB.
System memory in use after: 98.4 MB.

Unloading 16 unused Assets to reduce memory usage. Loaded Objects now: 2694.
Total: 2.797000 ms (FindLiveObjects: 0.244500 ms CreateObjectMapping: 0.104000 ms MarkObjects: 2.426100 ms  DeleteObjects: 0.021100 ms)

========================================================================
Received Import Request.
  Time since last request: 37.231037 seconds.
  path: Assets/script/fangyu1.cs
  artifactKey: Guid(036f4b57feaf80640b5705c315aaf320) Importer(815301076,1909f56bfc062723c751e8b465ee728b)
Start importing Assets/script/fangyu1.cs using Guid(036f4b57feaf80640b5705c315aaf320) Importer(815301076,1909f56bfc062723c751e8b465ee728b)  -> (artifact id: '1f8955db3a4122ff4c9087075a778a6e') in 0.010514 seconds
  Import took 0.016554 seconds .

========================================================================
Received Prepare
Registering precompiled user dll's ...
Registered in 0.006318 seconds.
Begin MonoManager ReloadAssembly
Native extension for WindowsStandalone target not found
Refreshing native plugins compatible for Editor in 0.47 ms, found 3 plugins.
Preloading 0 native plugins for Editor in 0.00 ms.
Mono: successfully reloaded assembly
- Completed reload, in  1.194 seconds
Platform modules already initialized, skipping
Refreshing native plugins compatible for Editor in 0.47 ms, found 3 plugins.
Preloading 0 native plugins for Editor in 0.00 ms.
Unloading 2078 Unused Serialized files (Serialized files now loaded: 0)
System memory in use before: 98.3 MB.
System memory in use after: 98.4 MB.

Unloading 16 unused Assets to reduce memory usage. Loaded Objects now: 2698.
Total: 2.552000 ms (FindLiveObjects: 0.241200 ms CreateObjectMapping: 0.094600 ms MarkObjects: 2.197100 ms  DeleteObjects: 0.018100 ms)

========================================================================
Received Import Request.
  Time since last request: 93.262882 seconds.
  path: Assets/prefab/zidan1.prefab
  artifactKey: Guid(174ef72363fa997478c5b47c2653f20e) Importer(815301076,1909f56bfc062723c751e8b465ee728b)
Start importing Assets/prefab/zidan1.prefab using Guid(174ef72363fa997478c5b47c2653f20e) Importer(815301076,1909f56bfc062723c751e8b465ee728b)  -> (artifact id: 'e6c84e3c7a9ccb3b2558bede880d35af') in 0.059282 seconds
  Import took 0.063252 seconds .

========================================================================
Received Import Request.
  Time since last request: 1.639832 seconds.
  path: Assets/prefab/zidan1.prefab
  artifactKey: Guid(174ef72363fa997478c5b47c2653f20e) Importer(815301076,1909f56bfc062723c751e8b465ee728b)
Start importing Assets/prefab/zidan1.prefab using Guid(174ef72363fa997478c5b47c2653f20e) Importer(815301076,1909f56bfc062723c751e8b465ee728b)  -> (artifact id: 'c92d5ae85a57b867a25700a574e8aeba') in 0.010111 seconds
  Import took 0.014301 seconds .

========================================================================
Received Import Request.
  Time since last request: 0.008738 seconds.
  path: Assets/prefab/zidan1.prefab
  artifactKey: Guid(174ef72363fa997478c5b47c2653f20e) Importer(815301076,1909f56bfc062723c751e8b465ee728b)
Start importing Assets/prefab/zidan1.prefab using Guid(174ef72363fa997478c5b47c2653f20e) Importer(815301076,1909f56bfc062723c751e8b465ee728b)  -> (artifact id: 'c92d5ae85a57b867a25700a574e8aeba') in 0.011180 seconds
  Import took 0.015279 seconds .

========================================================================
Received Import Request.
  Time since last request: 1.458972 seconds.
  path: Assets/prefab/zidan1.prefab
  artifactKey: Guid(174ef72363fa997478c5b47c2653f20e) Importer(815301076,1909f56bfc062723c751e8b465ee728b)
Start importing Assets/prefab/zidan1.prefab using Guid(174ef72363fa997478c5b47c2653f20e) Importer(815301076,1909f56bfc062723c751e8b465ee728b)  -> (artifact id: 'bc797885893f70f33111c323d12f112f') in 0.009825 seconds
  Import took 0.013960 seconds .

========================================================================
Received Import Request.
  Time since last request: 0.012851 seconds.
  path: Assets/prefab/zidan1.prefab
  artifactKey: Guid(174ef72363fa997478c5b47c2653f20e) Importer(815301076,1909f56bfc062723c751e8b465ee728b)
Start importing Assets/prefab/zidan1.prefab using Guid(174ef72363fa997478c5b47c2653f20e) Importer(815301076,1909f56bfc062723c751e8b465ee728b)  -> (artifact id: 'bc797885893f70f33111c323d12f112f') in 0.010390 seconds
  Import took 0.014428 seconds .

========================================================================
Received Import Request.
  Time since last request: 2.034387 seconds.
  path: Assets/prefab/zidan1.prefab
  artifactKey: Guid(174ef72363fa997478c5b47c2653f20e) Importer(815301076,1909f56bfc062723c751e8b465ee728b)
Start importing Assets/prefab/zidan1.prefab using Guid(174ef72363fa997478c5b47c2653f20e) Importer(815301076,1909f56bfc062723c751e8b465ee728b)  -> (artifact id: '3d661df06cec3fd3a677445723fedbe2') in 0.010935 seconds
  Import took 0.015147 seconds .

========================================================================
Received Import Request.
  Time since last request: 0.008632 seconds.
  path: Assets/prefab/zidan1.prefab
  artifactKey: Guid(174ef72363fa997478c5b47c2653f20e) Importer(815301076,1909f56bfc062723c751e8b465ee728b)
Start importing Assets/prefab/zidan1.prefab using Guid(174ef72363fa997478c5b47c2653f20e) Importer(815301076,1909f56bfc062723c751e8b465ee728b)  -> (artifact id: '3d661df06cec3fd3a677445723fedbe2') in 0.010784 seconds
  Import took 0.015436 seconds .

========================================================================
Received Import Request.
  Time since last request: 11.766261 seconds.
  path: Assets/prefab/zidan2.prefab
  artifactKey: Guid(6a82e82a773587d4596b897dad50b396) Importer(815301076,1909f56bfc062723c751e8b465ee728b)
Start importing Assets/prefab/zidan2.prefab using Guid(6a82e82a773587d4596b897dad50b396) Importer(815301076,1909f56bfc062723c751e8b465ee728b)  -> (artifact id: '7339f46d9f8ceb63755131afc276fd83') in 0.010583 seconds
  Import took 0.014577 seconds .

========================================================================
Received Import Request.
  Time since last request: 1.568068 seconds.
  path: Assets/prefab/zidan2.prefab
  artifactKey: Guid(6a82e82a773587d4596b897dad50b396) Importer(815301076,1909f56bfc062723c751e8b465ee728b)
Start importing Assets/prefab/zidan2.prefab using Guid(6a82e82a773587d4596b897dad50b396) Importer(815301076,1909f56bfc062723c751e8b465ee728b)  -> (artifact id: 'd24846d9dc102c783286b788fda7b17e') in 0.010666 seconds
  Import took 0.014693 seconds .

========================================================================
Received Import Request.
  Time since last request: 1.619022 seconds.
  path: Assets/prefab/zidan2.prefab
  artifactKey: Guid(6a82e82a773587d4596b897dad50b396) Importer(815301076,1909f56bfc062723c751e8b465ee728b)
Start importing Assets/prefab/zidan2.prefab using Guid(6a82e82a773587d4596b897dad50b396) Importer(815301076,1909f56bfc062723c751e8b465ee728b)  -> (artifact id: '8f874471664f734cef7254b6e0be0950') in 0.011784 seconds
  Import took 0.015693 seconds .

========================================================================
Received Import Request.
  Time since last request: 2.419736 seconds.
  path: Assets/prefab/zidan2.prefab
  artifactKey: Guid(6a82e82a773587d4596b897dad50b396) Importer(815301076,1909f56bfc062723c751e8b465ee728b)
Start importing Assets/prefab/zidan2.prefab using Guid(6a82e82a773587d4596b897dad50b396) Importer(815301076,1909f56bfc062723c751e8b465ee728b)  -> (artifact id: 'b21939d38b34600eafe42b6985e3e620') in 0.012752 seconds
  Import took 0.017108 seconds .

========================================================================
Received Import Request.
  Time since last request: 1.463167 seconds.
  path: Assets/prefab/zidan2.prefab
  artifactKey: Guid(6a82e82a773587d4596b897dad50b396) Importer(815301076,1909f56bfc062723c751e8b465ee728b)
Start importing Assets/prefab/zidan2.prefab using Guid(6a82e82a773587d4596b897dad50b396) Importer(815301076,1909f56bfc062723c751e8b465ee728b)  -> (artifact id: 'bef1c2e13c37722ee4471a739e1dfc45') in 0.010810 seconds
  Import took 0.014791 seconds .

========================================================================
Received Prepare
Registering precompiled user dll's ...
Registered in 0.005985 seconds.
Begin MonoManager ReloadAssembly
Native extension for WindowsStandalone target not found
Refreshing native plugins compatible for Editor in 0.48 ms, found 3 plugins.
Preloading 0 native plugins for Editor in 0.00 ms.
Mono: successfully reloaded assembly
- Completed reload, in  1.170 seconds
Platform modules already initialized, skipping
Refreshing native plugins compatible for Editor in 0.47 ms, found 3 plugins.
Preloading 0 native plugins for Editor in 0.00 ms.
Unloading 2078 Unused Serialized files (Serialized files now loaded: 0)
System memory in use before: 98.3 MB.
System memory in use after: 98.4 MB.

Unloading 16 unused Assets to reduce memory usage. Loaded Objects now: 2703.
Total: 2.318300 ms (FindLiveObjects: 0.212000 ms CreateObjectMapping: 0.097400 ms MarkObjects: 1.990500 ms  DeleteObjects: 0.017400 ms)

========================================================================
Received Import Request.
  Time since last request: 75.944979 seconds.
  path: Assets/Scenes/Scene1.unity
  artifactKey: Guid(2cda990e2423bbf4892e6590ba056729) Importer(815301076,1909f56bfc062723c751e8b465ee728b)
Start importing Assets/Scenes/Scene1.unity using Guid(2cda990e2423bbf4892e6590ba056729) Importer(815301076,1909f56bfc062723c751e8b465ee728b)  -> (artifact id: 'c9b17537f1ab662462a91b1e4492e864') in 0.013536 seconds
  Import took 0.017522 seconds .

========================================================================
Received Import Request.
  Time since last request: 0.002634 seconds.
  path: Assets/Scenes/Scene1.unity
  artifactKey: Guid(2cda990e2423bbf4892e6590ba056729) Importer(815301076,1909f56bfc062723c751e8b465ee728b)
Start importing Assets/Scenes/Scene1.unity using Guid(2cda990e2423bbf4892e6590ba056729) Importer(815301076,1909f56bfc062723c751e8b465ee728b)  -> (artifact id: 'c9b17537f1ab662462a91b1e4492e864') in 0.002866 seconds
  Import took 0.006404 seconds .

========================================================================
Received Prepare
Registering precompiled user dll's ...
Registered in 0.005948 seconds.
Begin MonoManager ReloadAssembly
Native extension for WindowsStandalone target not found
Refreshing native plugins compatible for Editor in 0.46 ms, found 3 plugins.
Preloading 0 native plugins for Editor in 0.00 ms.
Mono: successfully reloaded assembly
- Completed reload, in  1.150 seconds
Platform modules already initialized, skipping
Refreshing native plugins compatible for Editor in 0.46 ms, found 3 plugins.
Preloading 0 native plugins for Editor in 0.00 ms.
Unloading 2078 Unused Serialized files (Serialized files now loaded: 0)
System memory in use before: 98.3 MB.
System memory in use after: 98.4 MB.

Unloading 16 unused Assets to reduce memory usage. Loaded Objects now: 2707.
Total: 2.305300 ms (FindLiveObjects: 0.213000 ms CreateObjectMapping: 0.096400 ms MarkObjects: 1.977900 ms  DeleteObjects: 0.017100 ms)

========================================================================
Received Prepare
Registering precompiled user dll's ...
Registered in 0.006605 seconds.
Begin MonoManager ReloadAssembly
Native extension for WindowsStandalone target not found
Refreshing native plugins compatible for Editor in 0.46 ms, found 3 plugins.
Preloading 0 native plugins for Editor in 0.00 ms.
Mono: successfully reloaded assembly
- Completed reload, in  1.276 seconds
Platform modules already initialized, skipping
Refreshing native plugins compatible for Editor in 0.45 ms, found 3 plugins.
Preloading 0 native plugins for Editor in 0.00 ms.
Unloading 2078 Unused Serialized files (Serialized files now loaded: 0)
System memory in use before: 98.3 MB.
System memory in use after: 98.4 MB.

Unloading 16 unused Assets to reduce memory usage. Loaded Objects now: 2711.
Total: 2.492300 ms (FindLiveObjects: 0.218500 ms CreateObjectMapping: 0.088500 ms MarkObjects: 2.166200 ms  DeleteObjects: 0.018100 ms)

========================================================================
Received Prepare
Registering precompiled user dll's ...
Registered in 0.009636 seconds.
Begin MonoManager ReloadAssembly
Native extension for WindowsStandalone target not found
Refreshing native plugins compatible for Editor in 0.46 ms, found 3 plugins.
Preloading 0 native plugins for Editor in 0.00 ms.
Mono: successfully reloaded assembly
- Completed reload, in  1.168 seconds
Platform modules already initialized, skipping
Refreshing native plugins compatible for Editor in 0.47 ms, found 3 plugins.
Preloading 0 native plugins for Editor in 0.00 ms.
Unloading 2078 Unused Serialized files (Serialized files now loaded: 0)
System memory in use before: 98.4 MB.
System memory in use after: 98.5 MB.

Unloading 16 unused Assets to reduce memory usage. Loaded Objects now: 2715.
Total: 2.827200 ms (FindLiveObjects: 0.326900 ms CreateObjectMapping: 0.129100 ms MarkObjects: 2.352000 ms  DeleteObjects: 0.017900 ms)

========================================================================
Received Import Request.
  Time since last request: 87.976620 seconds.
  path: Assets/Scenes/Scene1.unity
  artifactKey: Guid(2cda990e2423bbf4892e6590ba056729) Importer(815301076,1909f56bfc062723c751e8b465ee728b)
Start importing Assets/Scenes/Scene1.unity using Guid(2cda990e2423bbf4892e6590ba056729) Importer(815301076,1909f56bfc062723c751e8b465ee728b)  -> (artifact id: 'efda02a0e852ff7a0f5ce129b443cc3a') in 0.018419 seconds
  Import took 0.022882 seconds .

========================================================================
Received Import Request.
  Time since last request: 0.002425 seconds.
  path: Assets/Scenes/Scene1.unity
  artifactKey: Guid(2cda990e2423bbf4892e6590ba056729) Importer(815301076,1909f56bfc062723c751e8b465ee728b)
Start importing Assets/Scenes/Scene1.unity using Guid(2cda990e2423bbf4892e6590ba056729) Importer(815301076,1909f56bfc062723c751e8b465ee728b)  -> (artifact id: 'efda02a0e852ff7a0f5ce129b443cc3a') in 0.002940 seconds
  Import took 0.006720 seconds .

========================================================================
Received Prepare
Refreshing native plugins compatible for Editor in 4.95 ms, found 3 plugins.
Preloading 0 native plugins for Editor in 0.00 ms.
Unloading 14 Unused Serialized files (Serialized files now loaded: 0)
System memory in use before: 57.7 MB.
System memory in use after: 57.8 MB.

Unloading 14 unused Assets to reduce memory usage. Loaded Objects now: 2715.
Total: 2.961800 ms (FindLiveObjects: 0.253500 ms CreateObjectMapping: 0.100900 ms MarkObjects: 2.593000 ms  DeleteObjects: 0.013500 ms)

AssetImportWorkerClient::OnTransportError - code=2 error=End of file
