Using pre-set license
Built from '2020.3/china_unity/release' branch; Version is '2020.3.11f1c1 (77449f27ef9b) revision 7816351'; Using compiler version '192528614'; Build Type 'Release'
OS: 'Windows 10 Home China; OS build 19042.1237; Version 2009; 64bit' Language: 'zh' Physical Memory: 16150 MB
BatchMode: 1, IsHumanControllingUs: 0, StartBugReporterOnCrash: 0, Is64bit: 1, IsPro: 0

 COMMAND LINE ARGUMENTS:
C:\Program Files\Unity\Hub\Editor\2020.3.11f1c1\Editor\Unity.exe
-adb2
-batchMode
-noUpm
-name
AssetImportWorker0
-projectPath
C:/ME/Unity/Shoot
-logFile
Logs/AssetImportWorker0.log
-srvPort
56148
Successfully changed project path to: C:/ME/Unity/Shoot
C:/ME/Unity/Shoot
Using Asset Import Pipeline V2.
Refreshing native plugins compatible for Editor in 35.26 ms, found 3 plugins.
Preloading 0 native plugins for Editor in 0.00 ms.
Initialize engine version: 2020.3.11f1c1 (77449f27ef9b)
[Subsystems] Discovering subsystems at path C:/Program Files/Unity/Hub/Editor/2020.3.11f1c1/Editor/Data/Resources/UnitySubsystems
[Subsystems] Discovering subsystems at path C:/ME/Unity/Shoot/Assets
GfxDevice: creating device client; threaded=0
Direct3D:
    Version:  Direct3D 11.0 [level 11.1]
    Renderer: NVIDIA GeForce RTX 2060 (ID=0x1f15)
    Vendor:   
    VRAM:     5980 MB
    Driver:   27.21.14.6280
Initialize mono
Mono path[0] = 'C:/Program Files/Unity/Hub/Editor/2020.3.11f1c1/Editor/Data/Managed'
Mono path[1] = 'C:/Program Files/Unity/Hub/Editor/2020.3.11f1c1/Editor/Data/MonoBleedingEdge/lib/mono/unityjit'
Mono config path = 'C:/Program Files/Unity/Hub/Editor/2020.3.11f1c1/Editor/Data/MonoBleedingEdge/etc'
Using monoOptions --debugger-agent=transport=dt_socket,embedding=1,server=y,suspend=n,address=127.0.0.1:56568
Begin MonoManager ReloadAssembly
Registering precompiled unity dll's ...
Register platform support module: C:/Program Files/Unity/Hub/Editor/2020.3.11f1c1/Editor/Data/PlaybackEngines/WindowsStandaloneSupport/UnityEditor.WindowsStandalone.Extensions.dll
Registered in 0.002036 seconds.
Native extension for WindowsStandalone target not found
Refreshing native plugins compatible for Editor in 35.29 ms, found 3 plugins.
Preloading 0 native plugins for Editor in 0.00 ms.
Mono: successfully reloaded assembly
- Completed reload, in  1.693 seconds
Platform modules already initialized, skipping
Registering precompiled user dll's ...
Registered in 0.005016 seconds.
Begin MonoManager ReloadAssembly
Native extension for WindowsStandalone target not found
Refreshing native plugins compatible for Editor in 34.88 ms, found 3 plugins.
Preloading 0 native plugins for Editor in 0.00 ms.
Mono: successfully reloaded assembly
- Completed reload, in  0.968 seconds
Platform modules already initialized, skipping
========================================================================
Worker process is ready to serve import requests
Launched and connected shader compiler UnityShaderCompiler.exe after 0.04 seconds
Refreshing native plugins compatible for Editor in 0.37 ms, found 3 plugins.
Preloading 0 native plugins for Editor in 0.00 ms.
Unloading 2086 Unused Serialized files (Serialized files now loaded: 0)
System memory in use before: 95.4 MB.
System memory in use after: 95.5 MB.

Unloading 28 unused Assets to reduce memory usage. Loaded Objects now: 2525.
Total: 1.860500 ms (FindLiveObjects: 0.156700 ms CreateObjectMapping: 0.071500 ms MarkObjects: 1.548300 ms  DeleteObjects: 0.083300 ms)

========================================================================
Received Import Request.
  path: Assets/audio
  artifactKey: Guid(b5a43d2e1b74da841b1ad3c422c08658) Importer(815301076,1909f56bfc062723c751e8b465ee728b)
Start importing Assets/audio using Guid(b5a43d2e1b74da841b1ad3c422c08658) Importer(815301076,1909f56bfc062723c751e8b465ee728b)  -> (artifact id: '83dbc5726aac93042706d3d0aeeff7d3') in 0.004222 seconds
  Import took 0.006949 seconds .

========================================================================
Received Import Request.
  Time since last request: 22.380257 seconds.
  path: Assets/audio/M4A1-1消音_爱给网_aigei_com.mp3
  artifactKey: Guid(f4444b3772fbb7b4e829ae72fc0011f2) Importer(815301076,1909f56bfc062723c751e8b465ee728b)
Start importing Assets/audio/M4A1-1消音_爱给网_aigei_com.mp3 using Guid(f4444b3772fbb7b4e829ae72fc0011f2) Importer(815301076,1909f56bfc062723c751e8b465ee728b)  -> (artifact id: '80b7d8608af1eb383e942bfc88875441') in 0.065678 seconds
  Import took 0.068610 seconds .

========================================================================
Received Import Request.
  Time since last request: 0.000179 seconds.
  path: Assets/audio/宝宝突击步枪 消音_爱给网_aigei_com.mp3
  artifactKey: Guid(ffc38181e37d3d242afa2730950a3df8) Importer(815301076,1909f56bfc062723c751e8b465ee728b)
Start importing Assets/audio/宝宝突击步枪 消音_爱给网_aigei_com.mp3 using Guid(ffc38181e37d3d242afa2730950a3df8) Importer(815301076,1909f56bfc062723c751e8b465ee728b)  -> (artifact id: 'e8c97677c976af6472417464653ca332') in 0.009968 seconds
  Import took 0.012785 seconds .

========================================================================
Received Import Request.
  Time since last request: 229.235475 seconds.
  path: Assets/Scenes/SceneStart.unity
  artifactKey: Guid(e6bc99e12c0a1b541b5048d6c0529bb7) Importer(815301076,1909f56bfc062723c751e8b465ee728b)
Start importing Assets/Scenes/SceneStart.unity using Guid(e6bc99e12c0a1b541b5048d6c0529bb7) Importer(815301076,1909f56bfc062723c751e8b465ee728b)  -> (artifact id: '9c550210a7f168af37b2596e60c63f72') in 0.002575 seconds
  Import took 0.014293 seconds .

========================================================================
Received Import Request.
  Time since last request: 66.055405 seconds.
  path: Assets/audio/Deep East Music - Sea Shine Sun Sides.mp3
  artifactKey: Guid(25e45597f237f0148b1c5dde204d6ebe) Importer(815301076,1909f56bfc062723c751e8b465ee728b)
Start importing Assets/audio/Deep East Music - Sea Shine Sun Sides.mp3 using Guid(25e45597f237f0148b1c5dde204d6ebe) Importer(815301076,1909f56bfc062723c751e8b465ee728b)  -> (artifact id: 'e1c1d3fff45123d47d6c4f35536525fb') in 0.008071 seconds
  Import took 0.011432 seconds .

========================================================================
Received Import Request.
  Time since last request: 0.000184 seconds.
  path: Assets/audio/Kevin MacLeod - Carefree.mp3
  artifactKey: Guid(41f4bf94ab6d27d45af17c3be5e36a0a) Importer(815301076,1909f56bfc062723c751e8b465ee728b)
Start importing Assets/audio/Kevin MacLeod - Carefree.mp3 using Guid(41f4bf94ab6d27d45af17c3be5e36a0a) Importer(815301076,1909f56bfc062723c751e8b465ee728b)  -> (artifact id: 'afadc80c833a49a9c5564a04ec8193fe') in 0.009570 seconds
  Import took 0.012335 seconds .

========================================================================
Received Prepare
Registering precompiled user dll's ...
Registered in 0.004328 seconds.
Begin MonoManager ReloadAssembly
Native extension for WindowsStandalone target not found
Refreshing native plugins compatible for Editor in 0.37 ms, found 3 plugins.
Preloading 0 native plugins for Editor in 0.00 ms.
Mono: successfully reloaded assembly
- Completed reload, in  0.813 seconds
Platform modules already initialized, skipping
Refreshing native plugins compatible for Editor in 0.37 ms, found 3 plugins.
Preloading 0 native plugins for Editor in 0.00 ms.
Unloading 2076 Unused Serialized files (Serialized files now loaded: 0)
System memory in use before: 97.8 MB.
System memory in use after: 98.0 MB.

Unloading 16 unused Assets to reduce memory usage. Loaded Objects now: 2538.
Total: 1.840000 ms (FindLiveObjects: 0.160600 ms CreateObjectMapping: 0.068500 ms MarkObjects: 1.575900 ms  DeleteObjects: 0.034100 ms)

========================================================================
Received Import Request.
  Time since last request: 64.075202 seconds.
  path: Assets/Scenes/SceneStart.unity
  artifactKey: Guid(e6bc99e12c0a1b541b5048d6c0529bb7) Importer(815301076,1909f56bfc062723c751e8b465ee728b)
Start importing Assets/Scenes/SceneStart.unity using Guid(e6bc99e12c0a1b541b5048d6c0529bb7) Importer(815301076,1909f56bfc062723c751e8b465ee728b)  -> (artifact id: '97210c4a8e606b36f128e067bf3535bd') in 0.009058 seconds
  Import took 0.012606 seconds .

========================================================================
Received Import Request.
  Time since last request: 0.518313 seconds.
  path: Assets/Scenes/Scene1.unity
  artifactKey: Guid(2cda990e2423bbf4892e6590ba056729) Importer(815301076,1909f56bfc062723c751e8b465ee728b)
Start importing Assets/Scenes/Scene1.unity using Guid(2cda990e2423bbf4892e6590ba056729) Importer(815301076,1909f56bfc062723c751e8b465ee728b)  -> (artifact id: '7952418eae471017fe3285757b7392cb') in 0.002612 seconds
  Import took 0.005382 seconds .

========================================================================
Received Import Request.
  Time since last request: 0.001077 seconds.
  path: Assets/Scenes/Scene1.unity
  artifactKey: Guid(2cda990e2423bbf4892e6590ba056729) Importer(815301076,1909f56bfc062723c751e8b465ee728b)
Start importing Assets/Scenes/Scene1.unity using Guid(2cda990e2423bbf4892e6590ba056729) Importer(815301076,1909f56bfc062723c751e8b465ee728b)  -> (artifact id: '7952418eae471017fe3285757b7392cb') in 0.002239 seconds
  Import took 0.005040 seconds .

========================================================================
Received Prepare
Registering precompiled user dll's ...
Registered in 0.004373 seconds.
Begin MonoManager ReloadAssembly
Native extension for WindowsStandalone target not found
Refreshing native plugins compatible for Editor in 0.38 ms, found 3 plugins.
Preloading 0 native plugins for Editor in 0.00 ms.
Mono: successfully reloaded assembly
- Completed reload, in  0.858 seconds
Platform modules already initialized, skipping
Refreshing native plugins compatible for Editor in 0.39 ms, found 3 plugins.
Preloading 0 native plugins for Editor in 0.00 ms.
Unloading 2076 Unused Serialized files (Serialized files now loaded: 0)
System memory in use before: 97.9 MB.
System memory in use after: 98.0 MB.

Unloading 16 unused Assets to reduce memory usage. Loaded Objects now: 2542.
Total: 1.759800 ms (FindLiveObjects: 0.154700 ms CreateObjectMapping: 0.067000 ms MarkObjects: 1.524500 ms  DeleteObjects: 0.012600 ms)

========================================================================
Received Import Request.
  Time since last request: 253.475760 seconds.
  path: Assets/script/Player1Shoot.cs
  artifactKey: Guid(6eb2c16e522119747be2a2c957428bdb) Importer(815301076,1909f56bfc062723c751e8b465ee728b)
Start importing Assets/script/Player1Shoot.cs using Guid(6eb2c16e522119747be2a2c957428bdb) Importer(815301076,1909f56bfc062723c751e8b465ee728b)  -> (artifact id: '35ee05cb12f95c44f3750d72ae4d3877') in 0.012636 seconds
  Import took 0.016264 seconds .

========================================================================
Received Prepare
Registering precompiled user dll's ...
Registered in 0.004366 seconds.
Begin MonoManager ReloadAssembly
Native extension for WindowsStandalone target not found
Refreshing native plugins compatible for Editor in 0.72 ms, found 3 plugins.
Preloading 0 native plugins for Editor in 0.00 ms.
Mono: successfully reloaded assembly
- Completed reload, in  0.858 seconds
Platform modules already initialized, skipping
Refreshing native plugins compatible for Editor in 0.38 ms, found 3 plugins.
Preloading 0 native plugins for Editor in 0.00 ms.
Unloading 2076 Unused Serialized files (Serialized files now loaded: 0)
System memory in use before: 97.9 MB.
System memory in use after: 98.0 MB.

Unloading 16 unused Assets to reduce memory usage. Loaded Objects now: 2546.
Total: 1.973500 ms (FindLiveObjects: 0.253900 ms CreateObjectMapping: 0.091700 ms MarkObjects: 1.590900 ms  DeleteObjects: 0.014800 ms)

========================================================================
Received Prepare
Registering precompiled user dll's ...
Registered in 0.004481 seconds.
Begin MonoManager ReloadAssembly
Native extension for WindowsStandalone target not found
Refreshing native plugins compatible for Editor in 0.38 ms, found 3 plugins.
Preloading 0 native plugins for Editor in 0.00 ms.
Mono: successfully reloaded assembly
- Completed reload, in  0.851 seconds
Platform modules already initialized, skipping
Refreshing native plugins compatible for Editor in 0.39 ms, found 3 plugins.
Preloading 0 native plugins for Editor in 0.00 ms.
Unloading 2076 Unused Serialized files (Serialized files now loaded: 0)
System memory in use before: 97.9 MB.
System memory in use after: 98.0 MB.

Unloading 16 unused Assets to reduce memory usage. Loaded Objects now: 2550.
Total: 2.053700 ms (FindLiveObjects: 0.157100 ms CreateObjectMapping: 0.067400 ms MarkObjects: 1.790400 ms  DeleteObjects: 0.038000 ms)

========================================================================
Received Prepare
Registering precompiled user dll's ...
Registered in 0.004363 seconds.
Begin MonoManager ReloadAssembly
Native extension for WindowsStandalone target not found
Refreshing native plugins compatible for Editor in 0.38 ms, found 3 plugins.
Preloading 0 native plugins for Editor in 0.00 ms.
Mono: successfully reloaded assembly
- Completed reload, in  0.839 seconds
Platform modules already initialized, skipping
Refreshing native plugins compatible for Editor in 0.37 ms, found 3 plugins.
Preloading 0 native plugins for Editor in 0.00 ms.
Unloading 2076 Unused Serialized files (Serialized files now loaded: 0)
System memory in use before: 97.9 MB.
System memory in use after: 98.1 MB.

Unloading 16 unused Assets to reduce memory usage. Loaded Objects now: 2554.
Total: 1.716400 ms (FindLiveObjects: 0.169800 ms CreateObjectMapping: 0.076700 ms MarkObjects: 1.455900 ms  DeleteObjects: 0.013200 ms)

========================================================================
Received Prepare
Registering precompiled user dll's ...
Registered in 0.004424 seconds.
Begin MonoManager ReloadAssembly
Native extension for WindowsStandalone target not found
Refreshing native plugins compatible for Editor in 0.41 ms, found 3 plugins.
Preloading 0 native plugins for Editor in 0.00 ms.
Mono: successfully reloaded assembly
- Completed reload, in  0.844 seconds
Platform modules already initialized, skipping
Refreshing native plugins compatible for Editor in 0.37 ms, found 3 plugins.
Preloading 0 native plugins for Editor in 0.00 ms.
Unloading 2076 Unused Serialized files (Serialized files now loaded: 0)
System memory in use before: 98.0 MB.
System memory in use after: 98.1 MB.

Unloading 16 unused Assets to reduce memory usage. Loaded Objects now: 2558.
Total: 1.895600 ms (FindLiveObjects: 0.168900 ms CreateObjectMapping: 0.081700 ms MarkObjects: 1.607800 ms  DeleteObjects: 0.036500 ms)

========================================================================
Received Prepare
Registering precompiled user dll's ...
Registered in 0.004202 seconds.
Begin MonoManager ReloadAssembly
Native extension for WindowsStandalone target not found
Refreshing native plugins compatible for Editor in 0.39 ms, found 3 plugins.
Preloading 0 native plugins for Editor in 0.00 ms.
Mono: successfully reloaded assembly
- Completed reload, in  0.851 seconds
Platform modules already initialized, skipping
Refreshing native plugins compatible for Editor in 0.39 ms, found 3 plugins.
Preloading 0 native plugins for Editor in 0.00 ms.
Unloading 2076 Unused Serialized files (Serialized files now loaded: 0)
System memory in use before: 98.0 MB.
System memory in use after: 98.1 MB.

Unloading 16 unused Assets to reduce memory usage. Loaded Objects now: 2562.
Total: 1.999500 ms (FindLiveObjects: 0.185000 ms CreateObjectMapping: 0.075900 ms MarkObjects: 1.702200 ms  DeleteObjects: 0.035400 ms)

========================================================================
Received Prepare
Registering precompiled user dll's ...
Registered in 0.004249 seconds.
Begin MonoManager ReloadAssembly
Native extension for WindowsStandalone target not found
Refreshing native plugins compatible for Editor in 0.37 ms, found 3 plugins.
Preloading 0 native plugins for Editor in 0.00 ms.
Mono: successfully reloaded assembly
- Completed reload, in  0.807 seconds
Platform modules already initialized, skipping
Refreshing native plugins compatible for Editor in 0.37 ms, found 3 plugins.
Preloading 0 native plugins for Editor in 0.00 ms.
Unloading 2076 Unused Serialized files (Serialized files now loaded: 0)
System memory in use before: 98.0 MB.
System memory in use after: 98.1 MB.

Unloading 16 unused Assets to reduce memory usage. Loaded Objects now: 2566.
Total: 1.631500 ms (FindLiveObjects: 0.156400 ms CreateObjectMapping: 0.065200 ms MarkObjects: 1.397100 ms  DeleteObjects: 0.012200 ms)

========================================================================
Received Prepare
Refreshing native plugins compatible for Editor in 3.83 ms, found 3 plugins.
Preloading 0 native plugins for Editor in 0.00 ms.
Unloading 14 Unused Serialized files (Serialized files now loaded: 0)
System memory in use before: 57.2 MB.
System memory in use after: 57.4 MB.

Unloading 14 unused Assets to reduce memory usage. Loaded Objects now: 2566.
Total: 2.041000 ms (FindLiveObjects: 0.165700 ms CreateObjectMapping: 0.069400 ms MarkObjects: 1.794800 ms  DeleteObjects: 0.010400 ms)

AssetImportWorkerClient::OnTransportError - code=2 error=End of file
